* Starting client
* Connecting to master process on port 9743
* Analyzing classpath: 
  - D:\myProjects\courseProgram\commons-collections4-4.3-src\target\test-classes
  - D:\myProjects\courseProgram\commons-collections4-4.3-src\target\classes
  - D:\maven\LocalWare\org\easymock\easymock\4.0.2\easymock-4.0.2.jar
  - D:\maven\LocalWare\org\apache\commons\commons-lang3\3.8.1\commons-lang3-3.8.1.jar
  - D:\maven\LocalWare\org\hamcrest\hamcrest-core\1.3\hamcrest-core-1.3.jar
  - D:\maven\LocalWare\org\objenesis\objenesis\3.0.1\objenesis-3.0.1.jar
  - D:\maven\LocalWare\junit\junit\4.12\junit-4.12.jar
* Finished analyzing classpath
* Generating tests for class org.apache.commons.collections4.functors.SwitchTransformer
* Test criteria:
  - Line Coverage
  - Branch Coverage
  - Exception
  - Mutation testing (weak)
  - Method-Output Coverage
  - Top-Level Method Coverage
  - No-Exception Top-Level Method Coverage
  - Context Branch Coverage
* Setting up search algorithm for whole suite generation
[MASTER] 11:39:56.004 [pool-2-thread-1] WARN  TestSuiteSerialization - Cannot load tests because file does not exist: D:\myProjects\courseProgram\commons-collections4-4.3-src\.evosuite\evosuite-seeds\org.apache.commons.collections4.functors.SwitchTransformer.seed
* Loaded 0 tests from D:\myProjects\courseProgram\commons-collections4-4.3-src\.evosuite\evosuite-seeds\org.apache.commons.collections4.functors.SwitchTransformer.seed
* Total number of test goals: 
  - Line 39
  - Branch 30
  - Exception 0
  - MutationFactory 53
  - Output 14
  - Method 7
  - MethodNoException 7
  - CBranchFitnessFactory 30
* Using seed 1556336391360
* Starting evolution
* Search finished after 152s and 0 generations, 0 statements, best individual has fitness: 0.0
* Writing sequences to pool
[MASTER] 11:42:28.565 [pool-2-thread-1] WARN  TimeController - Phase SEARCH lasted too long, 76 seconds more than allowed.
[MASTER] 11:42:28.568 [pool-2-thread-1] WARN  TimeController - Current phase MINIMIZATION could run up to 11s, but only -15s are left
* Skipping minimization because not enough time is left
* Going to analyze the coverage criteria
* Coverage analysis for criterion LINE
* Coverage of criterion LINE: 0%
* Total number of goals: 39
* Number of covered goals: 0
* Coverage analysis for criterion BRANCH
* Coverage of criterion BRANCH: 0%
* Total number of goals: 30
* Number of covered goals: 0
* Coverage analysis for criterion EXCEPTION
* Coverage of criterion EXCEPTION: 100% (no goals)
* Coverage analysis for criterion WEAKMUTATION
* Coverage of criterion WEAKMUTATION: 0%
* Total number of goals: 53
* Number of covered goals: 0
* Coverage analysis for criterion OUTPUT
* Coverage of criterion OUTPUT: 0%
* Total number of goals: 14
* Number of covered goals: 0
* Coverage analysis for criterion METHOD
* Coverage of criterion METHOD: 0%
* Total number of goals: 7
* Number of covered goals: 0
* Coverage analysis for criterion METHODNOEXCEPTION
* Coverage of criterion METHODNOEXCEPTION: 0%
* Total number of goals: 7
* Number of covered goals: 0
* Coverage analysis for criterion CBRANCH
* Coverage of criterion CBRANCH: 0%
* Total number of goals: 30
* Number of covered goals: 0
* Generated 0 tests with total length 0
* Resulting test suite's coverage: 0% (average coverage for all fitness functions)
* Generating assertions
[MASTER] 11:42:28.710 [pool-2-thread-1] WARN  TimeController - Current phase ASSERTION_GENERATION could run up to 11s, but only -15s are left
* Skipping assertion generation because not enough time is left
* Compiling and checking tests
[MASTER] 11:42:28.732 [pool-2-thread-1] WARN  TimeController - Current phase JUNIT_CHECK could run up to 11s, but only -15s are left
[MASTER] 11:42:28.733 [pool-2-thread-1] WARN  TimeController - Current phase WRITING_TESTS could run up to 11s, but only -15s are left
* Writing JUnit test case 'SwitchTransformer_ESTest' to D:\myProjects\courseProgram\commons-collections4-4.3-src\.evosuite\tmp_2019_04_27_10_09_58\tests
* Done!

