* Starting client
* Connecting to master process on port 6444
* Analyzing classpath: 
  - D:\myProjects\courseProgram\commons-collections4-4.3-src\target\test-classes
  - D:\myProjects\courseProgram\commons-collections4-4.3-src\target\classes
  - D:\maven\LocalWare\org\easymock\easymock\4.0.2\easymock-4.0.2.jar
  - D:\maven\LocalWare\org\apache\commons\commons-lang3\3.8.1\commons-lang3-3.8.1.jar
  - D:\maven\LocalWare\org\hamcrest\hamcrest-core\1.3\hamcrest-core-1.3.jar
  - D:\maven\LocalWare\org\objenesis\objenesis\3.0.1\objenesis-3.0.1.jar
  - D:\maven\LocalWare\junit\junit\4.12\junit-4.12.jar
* Finished analyzing classpath
* Generating tests for class org.apache.commons.collections4.functors.IfTransformer
* Test criteria:
  - Line Coverage
  - Branch Coverage
  - Exception
  - Mutation testing (weak)
  - Method-Output Coverage
  - Top-Level Method Coverage
  - No-Exception Top-Level Method Coverage
  - Context Branch Coverage
* Setting up search algorithm for whole suite generation
[MASTER] 12:15:55.551 [pool-2-thread-1] WARN  TestSuiteSerialization - Cannot load tests because file does not exist: D:\myProjects\courseProgram\commons-collections4-4.3-src\.evosuite\evosuite-seeds\org.apache.commons.collections4.functors.IfTransformer.seed
* Loaded 0 tests from D:\myProjects\courseProgram\commons-collections4-4.3-src\.evosuite\evosuite-seeds\org.apache.commons.collections4.functors.IfTransformer.seed
* Total number of test goals: 
  - Line 21
  - Branch 16
  - Exception 0
  - MutationFactory 14
  - Output 12
  - Method 7
  - MethodNoException 7
  - CBranchFitnessFactory 16
* Using seed 1556338552025
* Starting evolution
* Search finished after 50s and 94 generations, 32944 statements, best individual has fitness: 2.2
* Writing sequences to pool
* Minimizing test suite
* Going to analyze the coverage criteria
* Coverage analysis for criterion LINE
* Coverage of criterion LINE: 100%
* Total number of goals: 21
* Number of covered goals: 21
* Coverage analysis for criterion BRANCH
* Coverage of criterion BRANCH: 100%
* Total number of goals: 16
* Number of covered goals: 16
* Coverage analysis for criterion EXCEPTION
* Coverage of criterion EXCEPTION: 100%
* Total number of goals: 4
* Number of covered goals: 4
* Coverage analysis for criterion WEAKMUTATION
* Coverage of criterion WEAKMUTATION: 100%
* Total number of goals: 14
* Number of covered goals: 14
* Coverage analysis for criterion OUTPUT
* Coverage of criterion OUTPUT: 83%
* Total number of goals: 12
* Number of covered goals: 10
* Coverage analysis for criterion METHOD
* Coverage of criterion METHOD: 100%
* Total number of goals: 7
* Number of covered goals: 7
* Coverage analysis for criterion METHODNOEXCEPTION
* Coverage of criterion METHODNOEXCEPTION: 100%
* Total number of goals: 7
* Number of covered goals: 7
* Coverage analysis for criterion CBRANCH
* Coverage of criterion CBRANCH: 100%
* Total number of goals: 16
* Number of covered goals: 16
* Generated 17 tests with total length 86
* Resulting test suite's coverage: 98% (average coverage for all fitness functions)
* Generating assertions
* Resulting test suite's mutation score: 31%
* Compiling and checking tests
* Writing JUnit test case 'IfTransformer_ESTest' to D:\myProjects\courseProgram\commons-collections4-4.3-src\.evosuite\tmp_2019_04_27_10_09_58\tests
* Done!

