* Starting client
* Connecting to master process on port 19539
* Analyzing classpath: 
  - D:\myProjects\courseProgram\commons-collections4-4.3-src\target\test-classes
  - D:\myProjects\courseProgram\commons-collections4-4.3-src\target\classes
  - D:\maven\LocalWare\org\easymock\easymock\4.0.2\easymock-4.0.2.jar
  - D:\maven\LocalWare\org\apache\commons\commons-lang3\3.8.1\commons-lang3-3.8.1.jar
  - D:\maven\LocalWare\org\hamcrest\hamcrest-core\1.3\hamcrest-core-1.3.jar
  - D:\maven\LocalWare\org\objenesis\objenesis\3.0.1\objenesis-3.0.1.jar
  - D:\maven\LocalWare\junit\junit\4.12\junit-4.12.jar
* Finished analyzing classpath
* Generating tests for class org.apache.commons.collections4.keyvalue.TiedMapEntry
* Test criteria:
  - Line Coverage
  - Branch Coverage
  - Exception
  - Mutation testing (weak)
  - Method-Output Coverage
  - Top-Level Method Coverage
  - No-Exception Top-Level Method Coverage
  - Context Branch Coverage
* Setting up search algorithm for whole suite generation
[MASTER] 11:56:17.469 [pool-2-thread-1] WARN  TestSuiteSerialization - Cannot load tests because file does not exist: D:\myProjects\courseProgram\commons-collections4-4.3-src\.evosuite\evosuite-seeds\org.apache.commons.collections4.keyvalue.TiedMapEntry.seed
* Loaded 0 tests from D:\myProjects\courseProgram\commons-collections4-4.3-src\.evosuite\evosuite-seeds\org.apache.commons.collections4.keyvalue.TiedMapEntry.seed
* Total number of test goals: 
  - Line 22
  - Branch 26
  - Exception 0
  - MutationFactory 23
  - Output 11
  - Method 7
  - MethodNoException 7
  - CBranchFitnessFactory 26
* Using seed 1556337372919
* Starting evolution
* Search finished after 70s and 131 generations, 81654 statements, best individual has fitness: 4.583333333333333
* Writing sequences to pool
* Minimizing test suite
[MASTER] 11:57:38.450 [pool-2-thread-1] WARN  TestSuiteMinimizer - Minimization timeout. Roll back to original test suite
* Going to analyze the coverage criteria
* Coverage analysis for criterion LINE
* Coverage of criterion LINE: 100%
* Total number of goals: 22
* Number of covered goals: 22
* Coverage analysis for criterion BRANCH
* Coverage of criterion BRANCH: 96%
* Total number of goals: 26
* Number of covered goals: 25
* Coverage analysis for criterion EXCEPTION
* Coverage of criterion EXCEPTION: 100%
* Total number of goals: 11
* Number of covered goals: 11
* Coverage analysis for criterion WEAKMUTATION
* Coverage of criterion WEAKMUTATION: 100%
* Total number of goals: 23
* Number of covered goals: 23
* Coverage analysis for criterion OUTPUT
* Coverage of criterion OUTPUT: 82%
* Total number of goals: 11
* Number of covered goals: 9
* Coverage analysis for criterion METHOD
* Coverage of criterion METHOD: 100%
* Total number of goals: 7
* Number of covered goals: 7
* Coverage analysis for criterion METHODNOEXCEPTION
* Coverage of criterion METHODNOEXCEPTION: 100%
* Total number of goals: 7
* Number of covered goals: 7
* Coverage analysis for criterion CBRANCH
* Coverage of criterion CBRANCH: 96%
* Total number of goals: 26
* Number of covered goals: 25
* Generated 35 tests with total length 636
* Resulting test suite's coverage: 97% (average coverage for all fitness functions)
* Generating assertions
* Resulting test suite's mutation score: 65%
* Compiling and checking tests
* Writing JUnit test case 'TiedMapEntry_ESTest' to D:\myProjects\courseProgram\commons-collections4-4.3-src\.evosuite\tmp_2019_04_27_10_09_58\tests
* Done!

