* Starting client
* Connecting to master process on port 21272
* Analyzing classpath: 
  - D:\myProjects\courseProgram\commons-collections4-4.3-src\target\test-classes
  - D:\myProjects\courseProgram\commons-collections4-4.3-src\target\classes
  - D:\maven\LocalWare\org\easymock\easymock\4.0.2\easymock-4.0.2.jar
  - D:\maven\LocalWare\org\apache\commons\commons-lang3\3.8.1\commons-lang3-3.8.1.jar
  - D:\maven\LocalWare\org\hamcrest\hamcrest-core\1.3\hamcrest-core-1.3.jar
  - D:\maven\LocalWare\org\objenesis\objenesis\3.0.1\objenesis-3.0.1.jar
  - D:\maven\LocalWare\junit\junit\4.12\junit-4.12.jar
* Finished analyzing classpath
* Generating tests for class org.apache.commons.collections4.set.ListOrderedSet
* Test criteria:
  - Line Coverage
  - Branch Coverage
  - Exception
  - Mutation testing (weak)
  - Method-Output Coverage
  - Top-Level Method Coverage
  - No-Exception Top-Level Method Coverage
  - Context Branch Coverage
* Setting up search algorithm for whole suite generation
[MASTER] 11:26:13.600 [pool-2-thread-1] WARN  TestSuiteSerialization - Cannot load tests because file does not exist: D:\myProjects\courseProgram\commons-collections4-4.3-src\.evosuite\evosuite-seeds\org.apache.commons.collections4.set.ListOrderedSet.seed
* Loaded 0 tests from D:\myProjects\courseProgram\commons-collections4-4.3-src\.evosuite\evosuite-seeds\org.apache.commons.collections4.set.ListOrderedSet.seed
* Total number of test goals: 
  - Line 92
  - Branch 54
  - Exception 0
  - MutationFactory 81
  - Output 43
  - Method 26
  - MethodNoException 26
  - CBranchFitnessFactory 54
* Using seed 1556335570390
* Starting evolution
* Search finished after 96s and 338 generations, 119738 statements, best individual has fitness: 72.88655462184875
* Writing sequences to pool
* Minimizing test suite
[MASTER] 11:28:06.007 [pool-2-thread-1] WARN  TestSuiteMinimizer - Minimization timeout. Roll back to original test suite
* Going to analyze the coverage criteria
* Coverage analysis for criterion LINE
* Coverage of criterion LINE: 93%
* Total number of goals: 92
* Number of covered goals: 86
* Coverage analysis for criterion BRANCH
* Coverage of criterion BRANCH: 83%
* Total number of goals: 54
* Number of covered goals: 45
* Coverage analysis for criterion EXCEPTION
* Coverage of criterion EXCEPTION: 100%
* Total number of goals: 33
* Number of covered goals: 33
* Coverage analysis for criterion WEAKMUTATION
* Coverage of criterion WEAKMUTATION: 85%
* Total number of goals: 81
* Number of covered goals: 69
* Coverage analysis for criterion OUTPUT
* Coverage of criterion OUTPUT: 63%
* Total number of goals: 43
* Number of covered goals: 27
* Coverage analysis for criterion METHOD
* Coverage of criterion METHOD: 85%
* Total number of goals: 26
* Number of covered goals: 22
* Coverage analysis for criterion METHODNOEXCEPTION
* Coverage of criterion METHODNOEXCEPTION: 85%
* Total number of goals: 26
* Number of covered goals: 22
* Coverage analysis for criterion CBRANCH
* Coverage of criterion CBRANCH: 83%
* Total number of goals: 54
* Number of covered goals: 45
* Generated 81 tests with total length 1437
* Resulting test suite's coverage: 85% (average coverage for all fitness functions)
* Generating assertions
* Resulting test suite's mutation score: 58%
* Compiling and checking tests
* Writing JUnit test case 'ListOrderedSet_ESTest' to D:\myProjects\courseProgram\commons-collections4-4.3-src\.evosuite\tmp_2019_04_27_10_09_58\tests
* Done!

