* Starting client
* Connecting to master process on port 4542
* Analyzing classpath: 
  - D:\myProjects\courseProgram\commons-collections4-4.3-src\target\test-classes
  - D:\myProjects\courseProgram\commons-collections4-4.3-src\target\classes
  - D:\maven\LocalWare\org\easymock\easymock\4.0.2\easymock-4.0.2.jar
  - D:\maven\LocalWare\org\apache\commons\commons-lang3\3.8.1\commons-lang3-3.8.1.jar
  - D:\maven\LocalWare\org\hamcrest\hamcrest-core\1.3\hamcrest-core-1.3.jar
  - D:\maven\LocalWare\org\objenesis\objenesis\3.0.1\objenesis-3.0.1.jar
  - D:\maven\LocalWare\junit\junit\4.12\junit-4.12.jar
* Finished analyzing classpath
* Generating tests for class org.apache.commons.collections4.map.AbstractLinkedMap
* Test criteria:
  - Line Coverage
  - Branch Coverage
  - Exception
  - Mutation testing (weak)
  - Method-Output Coverage
  - Top-Level Method Coverage
  - No-Exception Top-Level Method Coverage
  - Context Branch Coverage
* Setting up search algorithm for whole suite generation
[MASTER] 11:22:01.633 [pool-2-thread-1] WARN  TestSuiteSerialization - Cannot load tests because file does not exist: D:\myProjects\courseProgram\commons-collections4-4.3-src\.evosuite\evosuite-seeds\org.apache.commons.collections4.map.AbstractLinkedMap.seed
* Loaded 0 tests from D:\myProjects\courseProgram\commons-collections4-4.3-src\.evosuite\evosuite-seeds\org.apache.commons.collections4.map.AbstractLinkedMap.seed
* Total number of test goals: 
  - Line 143
  - Branch 93
  - Exception 0
  - MutationFactory 364
  - Output 31
  - Method 42
  - MethodNoException 42
  - CBranchFitnessFactory 93
* Using seed 1556335318413
* Starting evolution
* Search finished after 98s and 9 generations, 2569 statements, best individual has fitness: 331.1172161172161
* Writing sequences to pool
* Minimizing test suite
* Going to analyze the coverage criteria
* Coverage analysis for criterion LINE
* Coverage of criterion LINE: 77%
* Total number of goals: 143
* Number of covered goals: 110
* Coverage analysis for criterion BRANCH
* Coverage of criterion BRANCH: 65%
* Total number of goals: 93
* Number of covered goals: 60
* Coverage analysis for criterion EXCEPTION
* Coverage of criterion EXCEPTION: 100%
* Total number of goals: 6
* Number of covered goals: 6
* Coverage analysis for criterion WEAKMUTATION
* Coverage of criterion WEAKMUTATION: 57%
* Total number of goals: 364
* Number of covered goals: 209
* Coverage analysis for criterion OUTPUT
* Coverage of criterion OUTPUT: 35%
* Total number of goals: 31
* Number of covered goals: 11
* Coverage analysis for criterion METHOD
* Coverage of criterion METHOD: 95%
* Total number of goals: 42
* Number of covered goals: 40
* Coverage analysis for criterion METHODNOEXCEPTION
* Coverage of criterion METHODNOEXCEPTION: 52%
* Total number of goals: 42
* Number of covered goals: 22
* Coverage analysis for criterion CBRANCH
* Coverage of criterion CBRANCH: 65%
* Total number of goals: 93
* Number of covered goals: 60
* Generated 44 tests with total length 138
* Resulting test suite's coverage: 67% (average coverage for all fitness functions)
* Generating assertions
* Resulting test suite's mutation score: 12%
* Compiling and checking tests
* Writing JUnit test case 'AbstractLinkedMap_ESTest' to D:\myProjects\courseProgram\commons-collections4-4.3-src\.evosuite\tmp_2019_04_27_10_09_58\tests
* Done!

