[MASTER] 12:24:10.086 [pool-2-thread-1] ERROR TestCluster - Failed to check cache for java.util.Map<org.apache.commons.collections4.bidimap.DualTreeBidiMap<java.lang.Object, java.lang.Object>.ViewMap<java.lang.Integer, java.lang.String>, org.apache.commons.collections4.bidimap.TreeBidiMap<java.lang.String, java.lang.String>.Inverse> : Unable to instantiate K
[MASTER] 12:24:11.771 [pool-2-thread-1] ERROR TestCluster - Failed to check cache for java.util.Map<java.lang.Integer, org.apache.commons.collections4.bidimap.UnmodifiableOrderedBidiMap<java.lang.Object, java.lang.Object>> : Unable to instantiate K
[MASTER] 12:24:12.425 [pool-2-thread-1] ERROR TestCluster - Failed to check cache for org.apache.commons.collections4.bidimap.AbstractDualBidiMap<java.lang.Integer, java.util.TreeMap<java.lang.Integer, java.lang.Object>> : Unable to instantiate K
[MASTER] 12:24:13.059 [pool-2-thread-1] ERROR TestCluster - Failed to check cache for java.util.Map<java.util.HashMap<java.lang.String, java.lang.Integer>, org.apache.commons.collections4.bidimap.UnmodifiableSortedBidiMap<java.lang.Object, java.lang.String>> : Unable to instantiate K
[MASTER] 12:24:13.439 [pool-2-thread-1] ERROR TestCluster - Failed to check cache for java.util.Map<java.lang.Integer, java.util.TreeMap<java.lang.Integer, java.lang.Object>> : Unable to instantiate K
[MASTER] 12:24:14.435 [pool-2-thread-1] ERROR TestCluster - Failed to check cache for java.util.Map<org.apache.commons.collections4.bidimap.DualTreeBidiMap<java.lang.Object, java.lang.Object>, org.apache.commons.collections4.bidimap.UnmodifiableOrderedBidiMap<java.lang.Object, java.lang.Integer>> : Unable to instantiate K
[MASTER] 12:24:15.599 [pool-2-thread-1] ERROR TestCluster - Failed to check cache for java.util.Map<java.lang.Object, org.apache.commons.collections4.map.SingletonMap<java.lang.String, java.lang.String>> : Unable to instantiate K
[MASTER] 12:24:17.045 [pool-2-thread-1] ERROR TestCluster - Failed to check cache for java.util.Map<org.apache.commons.collections4.map.FixedSizeSortedMap<java.lang.Object, java.lang.Integer>, org.apache.commons.collections4.map.ListOrderedMap<java.lang.String, java.lang.Object>> : Unable to instantiate K
[MASTER] 12:24:17.945 [pool-2-thread-1] ERROR TestCluster - Failed to check cache for org.apache.commons.collections4.BidiMap<org.apache.commons.collections4.map.ListOrderedMap<java.lang.String, java.lang.Object>, org.apache.commons.collections4.map.FixedSizeSortedMap<java.lang.Object, java.lang.Integer>> : Unable to instantiate K
[MASTER] 12:24:19.052 [pool-2-thread-1] ERROR TestCluster - Failed to check cache for java.util.Map<java.lang.String, org.apache.commons.collections4.bidimap.DualTreeBidiMap<java.lang.String, java.lang.String>.ViewMap<java.lang.String, java.lang.String>> : Unable to instantiate K
[MASTER] 12:24:20.011 [pool-2-thread-1] ERROR TestCluster - Failed to check cache for java.util.Map<java.lang.Integer, java.lang.Integer> : Unable to instantiate K
[MASTER] 12:24:20.648 [pool-2-thread-1] ERROR TestCluster - Failed to check cache for org.apache.commons.collections4.bidimap.DualTreeBidiMap<K, V> : Type points to itself
[MASTER] 12:24:20.648 [pool-2-thread-1] ERROR TestCluster - Failed to check cache for org.apache.commons.collections4.bidimap.DualTreeBidiMap<K, V>.ViewMap<K, V> : Type points to itself
[MASTER] 12:24:20.648 [pool-2-thread-1] ERROR TestCluster - Failed to check cache for org.apache.commons.collections4.bidimap.TreeBidiMap<K, V> : Type points to itself
[MASTER] 12:24:20.648 [pool-2-thread-1] ERROR TestCluster - Failed to check cache for org.apache.commons.collections4.bidimap.TreeBidiMap<K, V>.Inverse : Type points to itself
[MASTER] 12:24:20.648 [pool-2-thread-1] ERROR TestCluster - Failed to check cache for org.apache.commons.collections4.map.FixedSizeSortedMap<K, V> : Type points to itself
[MASTER] 12:24:20.648 [pool-2-thread-1] ERROR TestCluster - Failed to check cache for org.apache.commons.collections4.map.LRUMap<K, V> : Type points to itself
[MASTER] 12:24:20.648 [pool-2-thread-1] ERROR TestCluster - Failed to check cache for org.apache.commons.collections4.map.LinkedMap<K, V> : Type points to itself
[MASTER] 12:24:20.648 [pool-2-thread-1] ERROR TestCluster - Failed to check cache for org.apache.commons.collections4.map.ListOrderedMap<K, V> : Type points to itself
[MASTER] 12:24:20.648 [pool-2-thread-1] ERROR TestCluster - Failed to check cache for org.apache.commons.collections4.map.SingletonMap<K, V> : Type points to itself
[MASTER] 12:24:20.649 [pool-2-thread-1] ERROR TestCluster - Failed to check cache for org.apache.commons.collections4.trie.PatriciaTrie<E> : Type points to itself
[MASTER] 12:24:20.650 [pool-2-thread-1] ERROR TestCluster - Failed to check cache for org.apache.commons.collections4.trie.UnmodifiableTrie<K, V> : Type points to itself
[MASTER] 12:24:20.650 [pool-2-thread-1] ERROR TestCluster - Failed to check cache for java.util.TreeMap<K, V> : Type points to itself
[MASTER] 12:24:20.650 [pool-2-thread-1] ERROR TestCluster - Failed to check cache for java.util.HashMap<K, V> : Type points to itself
[MASTER] 12:24:21.831 [pool-2-thread-1] ERROR TestCluster - Failed to check cache for java.util.Map<org.apache.commons.collections4.trie.PatriciaTrie<java.lang.Object>, org.apache.commons.collections4.trie.PatriciaTrie<java.lang.String>> : Unable to instantiate K
[MASTER] 12:24:22.319 [pool-2-thread-1] ERROR TestCluster - Failed to check cache for java.util.Map<org.apache.commons.collections4.trie.PatriciaTrie<java.lang.String>, org.apache.commons.collections4.trie.PatriciaTrie<java.lang.Object>> : Unable to instantiate K
[MASTER] 12:24:24.648 [pool-2-thread-1] ERROR TestCluster - Failed to check cache for java.util.Map<org.apache.commons.collections4.bidimap.UnmodifiableOrderedBidiMap<java.lang.Object, java.lang.String>, java.lang.Integer> : Unable to instantiate K
[MASTER] 12:24:27.830 [pool-2-thread-1] ERROR TestCluster - Failed to check cache for java.util.Map<org.apache.commons.collections4.bidimap.DualTreeBidiMap<java.lang.Object, java.lang.Object>, org.apache.commons.collections4.map.LRUMap<java.lang.String, java.lang.String>> : Unable to instantiate K
[MASTER] 12:24:29.634 [pool-2-thread-1] ERROR TestCluster - Failed to check cache for org.apache.commons.collections4.bidimap.AbstractDualBidiMap<org.apache.commons.collections4.map.UnmodifiableSortedMap<java.lang.Object, java.lang.String>, java.lang.Object> : Unable to instantiate K
[MASTER] 12:24:30.206 [pool-2-thread-1] ERROR TestCluster - Failed to check cache for org.apache.commons.collections4.bidimap.AbstractDualBidiMap<org.apache.commons.collections4.map.UnmodifiableOrderedMap<java.lang.Object, java.lang.Integer>, org.apache.commons.collections4.bidimap.UnmodifiableSortedBidiMap<java.lang.Object, java.lang.String>> : Unable to instantiate K
[MASTER] 12:24:30.781 [pool-2-thread-1] ERROR TestCluster - Failed to check cache for java.util.Map<org.apache.commons.collections4.map.UnmodifiableOrderedMap<java.lang.Integer, java.lang.String>, org.apache.commons.collections4.bidimap.UnmodifiableSortedBidiMap<java.lang.String, java.lang.Integer>> : Unable to instantiate K
[MASTER] 12:24:32.242 [pool-2-thread-1] ERROR TestCluster - Failed to check cache for java.util.Map<java.lang.Integer, java.lang.String> : Unable to instantiate K
[MASTER] 12:24:33.592 [pool-2-thread-1] ERROR TestCluster - Failed to check cache for java.util.Map<org.apache.commons.collections4.bidimap.UnmodifiableSortedBidiMap<java.lang.Integer, java.lang.String>, org.apache.commons.collections4.map.FixedSizeSortedMap<java.lang.Object, java.lang.Integer>> : Unable to instantiate K
[MASTER] 12:24:34.417 [pool-2-thread-1] ERROR TestCluster - Failed to check cache for java.util.Map<org.apache.commons.collections4.map.FixedSizeSortedMap<java.lang.Object, java.lang.Integer>, org.apache.commons.collections4.bidimap.UnmodifiableSortedBidiMap<java.lang.Integer, java.lang.String>> : Unable to instantiate K
[MASTER] 12:24:35.417 [pool-2-thread-1] ERROR TestCluster - Failed to check cache for org.apache.commons.collections4.BidiMap<org.apache.commons.collections4.map.FixedSizeSortedMap<java.lang.Object, java.lang.Integer>, org.apache.commons.collections4.bidimap.UnmodifiableSortedBidiMap<java.lang.Integer, java.lang.String>> : Unable to instantiate K
[MASTER] 12:24:36.449 [pool-2-thread-1] ERROR TestCluster - Failed to check cache for java.util.Map<org.apache.commons.collections4.map.SingletonMap<java.lang.Object, java.lang.Integer>, org.apache.commons.collections4.bidimap.UnmodifiableSortedBidiMap<java.lang.String, java.lang.Object>> : Unable to instantiate K
[MASTER] 12:24:37.703 [pool-2-thread-1] ERROR TestCluster - Failed to check cache for java.util.Map<org.apache.commons.collections4.map.SingletonMap<java.lang.Object, java.lang.Object>, org.apache.commons.collections4.bidimap.UnmodifiableSortedBidiMap<java.lang.String, java.lang.Object>> : Unable to instantiate K
[MASTER] 12:24:39.487 [pool-2-thread-1] ERROR TestCluster - Failed to check cache for java.util.Map<org.apache.commons.collections4.bidimap.DualTreeBidiMap<java.lang.String, java.lang.String>.ViewMap<java.lang.Object, java.lang.Object>, org.apache.commons.collections4.map.UnmodifiableOrderedMap<java.lang.Object, java.lang.Object>> : Unable to instantiate K
[MASTER] 12:24:40.575 [pool-2-thread-1] ERROR TestCluster - Failed to check cache for java.util.Map<java.lang.String, org.apache.commons.collections4.bidimap.DualTreeBidiMap<java.lang.Object, java.lang.String>> : Unable to instantiate K
[MASTER] 12:24:42.436 [pool-2-thread-1] ERROR TestCluster - Failed to check cache for java.util.Map<org.apache.commons.collections4.map.UnmodifiableOrderedMap<java.lang.Integer, java.lang.Object>, org.apache.commons.collections4.bidimap.DualTreeBidiMap<java.lang.String, java.lang.Object>> : Unable to instantiate V
[MASTER] 12:24:43.762 [pool-2-thread-1] ERROR TestCluster - Failed to check cache for java.util.Map<org.apache.commons.collections4.trie.PatriciaTrie<java.lang.Object>, java.lang.Object> : Unable to instantiate V
[MASTER] 12:24:46.461 [pool-2-thread-1] ERROR TestCluster - Failed to check cache for java.util.Map<org.apache.commons.collections4.map.ListOrderedMap<java.lang.String, java.lang.Object>, org.apache.commons.collections4.bidimap.DualTreeBidiMap<java.lang.Object, java.lang.Object>.ViewMap<java.lang.String, java.lang.Integer>> : Unable to instantiate V
[MASTER] 12:24:48.246 [pool-2-thread-1] ERROR TestCluster - Failed to check cache for java.util.Map<java.lang.String, org.apache.commons.collections4.map.SingletonMap<java.lang.String, java.lang.Integer>> : Unable to instantiate K
[MASTER] 12:24:50.507 [pool-2-thread-1] ERROR TestCluster - Failed to check cache for java.util.Map<org.apache.commons.collections4.map.FixedSizeSortedMap<java.lang.String, java.lang.Object>, org.apache.commons.collections4.map.SingletonMap<java.lang.Object, java.lang.String>> : Unable to instantiate V
[MASTER] 12:24:51.694 [pool-2-thread-1] ERROR TestCluster - Failed to check cache for java.util.Map<org.apache.commons.collections4.trie.PatriciaTrie<java.lang.String>, org.apache.commons.collections4.map.FixedSizeSortedMap<java.lang.Object, java.lang.Object>> : Unable to instantiate V
[MASTER] 12:24:53.083 [pool-2-thread-1] ERROR TestCluster - Failed to check cache for java.util.Map<org.apache.commons.collections4.map.SingletonMap<java.lang.String, java.lang.String>, java.util.HashMap<java.lang.Object, java.lang.String>> : Unable to instantiate K
[MASTER] 12:24:54.377 [pool-2-thread-1] ERROR TestCluster - Failed to check cache for java.util.Map<org.apache.commons.collections4.map.SingletonMap<java.lang.Integer, java.lang.Integer>, org.apache.commons.collections4.map.LinkedMap<java.lang.Object, java.lang.Integer>> : Unable to instantiate K
[MASTER] 12:24:55.532 [pool-2-thread-1] ERROR TestCluster - Failed to check cache for java.util.Map<java.lang.String, java.lang.String> : Unable to instantiate K
[MASTER] 12:24:56.244 [pool-2-thread-1] ERROR TestCluster - Failed to check cache for org.apache.commons.collections4.bidimap.AbstractDualBidiMap<org.apache.commons.collections4.map.FixedSizeSortedMap<java.lang.Object, java.lang.Object>, org.apache.commons.collections4.map.LRUMap<java.lang.String, java.lang.Object>> : Unable to instantiate K
[MASTER] 12:24:57.890 [pool-2-thread-1] ERROR TestCluster - Failed to check cache for java.util.Map<org.apache.commons.collections4.map.LRUMap<java.lang.String, java.lang.Object>, org.apache.commons.collections4.map.FixedSizeSortedMap<java.lang.Object, java.lang.Object>> : Unable to instantiate K
[MASTER] 12:25:00.085 [pool-2-thread-1] ERROR TestCluster - Failed to check cache for java.util.Map<org.apache.commons.collections4.trie.PatriciaTrie<java.lang.String>, org.apache.commons.collections4.map.ListOrderedMap<java.lang.Object, java.lang.Object>> : Unable to instantiate K
[MASTER] 12:25:02.120 [pool-2-thread-1] ERROR TestCluster - Failed to check cache for java.util.Map<org.apache.commons.collections4.bidimap.DualTreeBidiMap<org.apache.commons.collections4.bidimap.DualTreeBidiMap<java.lang.String, java.lang.Integer>, org.apache.commons.collections4.bidimap.UnmodifiableSortedBidiMap<java.lang.Object, java.lang.String>>, org.apache.commons.collections4.bidimap.UnmodifiableSortedBidiMap<java.lang.String, java.lang.Object>> : Unable to instantiate K
[MASTER] 12:25:03.441 [pool-2-thread-1] ERROR TestCluster - Failed to check cache for java.util.Map<java.lang.String, org.apache.commons.collections4.map.UnmodifiableOrderedMap<java.lang.Integer, java.lang.Integer>> : Unable to instantiate K
[MASTER] 12:25:06.339 [pool-2-thread-1] ERROR TestCluster - Failed to check cache for java.util.Map<org.apache.commons.collections4.map.LRUMap<java.lang.Object, java.lang.String>, org.apache.commons.collections4.map.FixedSizeSortedMap<java.lang.Object, java.lang.String>> : Unable to instantiate K
[MASTER] 12:25:08.092 [pool-2-thread-1] ERROR TestCluster - Failed to check cache for java.util.Map<org.apache.commons.collections4.bidimap.UnmodifiableSortedBidiMap<java.lang.String, java.lang.Object>, org.apache.commons.collections4.map.UnmodifiableSortedMap<java.lang.Integer, java.lang.String>> : Unable to instantiate K
[MASTER] 12:25:09.947 [pool-2-thread-1] ERROR TestCluster - Failed to check cache for java.util.Map<org.apache.commons.collections4.map.FixedSizeSortedMap<java.lang.Object, java.lang.String>, java.util.TreeMap<java.lang.Object, java.lang.Integer>> : Unable to instantiate K
[MASTER] 12:25:10.497 [pool-2-thread-1] ERROR TestCluster - Failed to check cache for java.util.Map<java.util.TreeMap<java.lang.Object, java.lang.Integer>, org.apache.commons.collections4.map.FixedSizeSortedMap<java.lang.Object, java.lang.String>> : Unable to instantiate K
[MASTER] 12:25:12.106 [pool-2-thread-1] ERROR TestCluster - Failed to check cache for java.util.Map<java.lang.Object, org.apache.commons.collections4.bidimap.DualTreeBidiMap<java.lang.String, java.lang.Integer>> : Unable to instantiate K
[MASTER] 12:25:13.442 [pool-2-thread-1] ERROR TestCluster - Failed to check cache for java.util.Map<java.lang.Object, java.lang.Integer> : Unable to instantiate K
[MASTER] 12:25:15.269 [pool-2-thread-1] ERROR TestCluster - Failed to check cache for java.util.Map<org.apache.commons.collections4.map.FixedSizeSortedMap<java.lang.Integer, java.lang.Integer>, java.util.TreeMap<java.lang.String, java.lang.Integer>> : Unable to instantiate K
[MASTER] 12:25:16.831 [pool-2-thread-1] ERROR TestCluster - Failed to check cache for java.util.Map<java.lang.String, java.lang.Integer> : Unable to instantiate K
[MASTER] 12:25:19.101 [pool-2-thread-1] ERROR TestCluster - Failed to check cache for java.util.Map<org.apache.commons.collections4.bidimap.UnmodifiableOrderedBidiMap<java.lang.String, java.lang.Object>, java.lang.Object> : Unable to instantiate K
[MASTER] 12:25:22.094 [pool-2-thread-1] ERROR TestCluster - Failed to check cache for java.util.Map<org.apache.commons.collections4.map.FixedSizeSortedMap<java.lang.String, java.lang.Object>, org.apache.commons.collections4.trie.UnmodifiableTrie<java.lang.String, java.lang.String>> : Unable to instantiate K
[MASTER] 12:25:23.440 [pool-2-thread-1] ERROR TestCluster - Failed to check cache for java.util.Map<org.apache.commons.collections4.bidimap.DualTreeBidiMap<java.lang.Object, java.lang.String>.ViewMap<java.lang.Object, java.lang.Object>, org.apache.commons.collections4.trie.PatriciaTrie<java.lang.String>> : Unable to instantiate K
[MASTER] 12:25:24.812 [pool-2-thread-1] ERROR TestCluster - Failed to check cache for java.util.Map<org.apache.commons.collections4.map.LRUMap<java.lang.Integer, java.lang.Object>, org.apache.commons.collections4.map.SingletonMap<java.lang.Object, java.lang.String>> : Unable to instantiate K
[MASTER] 12:25:26.258 [pool-2-thread-1] ERROR TestCluster - Failed to check cache for java.util.Map<java.lang.Integer, org.apache.commons.collections4.map.FixedSizeSortedMap<java.lang.String, java.lang.Object>> : Unable to instantiate K
[MASTER] 12:25:27.470 [pool-2-thread-1] ERROR TestCluster - Failed to check cache for java.util.Map<org.apache.commons.collections4.bidimap.UnmodifiableOrderedBidiMap<java.lang.String, java.lang.Object>, java.lang.String> : Unable to instantiate K
[MASTER] 12:25:28.794 [pool-2-thread-1] ERROR TestCluster - Failed to check cache for java.util.Map<org.apache.commons.collections4.bidimap.UnmodifiableSortedBidiMap<java.lang.String, java.lang.Integer>, org.apache.commons.collections4.trie.PatriciaTrie<java.lang.Integer>> : Unable to instantiate K
[MASTER] 12:25:31.058 [pool-2-thread-1] ERROR TestCluster - Failed to check cache for java.util.Map<org.apache.commons.collections4.map.LRUMap<java.lang.Object, java.lang.Object>, org.apache.commons.collections4.map.FixedSizeSortedMap<java.lang.Object, java.lang.Object>> : Unable to instantiate K
[MASTER] 12:25:32.352 [pool-2-thread-1] ERROR TestCluster - Failed to check cache for java.util.Map<org.apache.commons.collections4.map.UnmodifiableOrderedMap<java.lang.String, java.lang.String>, org.apache.commons.collections4.map.FixedSizeSortedMap<java.lang.Integer, java.lang.Object>> : Unable to instantiate K
[MASTER] 12:25:34.113 [pool-2-thread-1] ERROR TestCluster - Failed to check cache for java.util.Map<org.apache.commons.collections4.bidimap.UnmodifiableSortedBidiMap<java.lang.String, java.lang.Integer>, org.apache.commons.collections4.bidimap.UnmodifiableOrderedBidiMap<java.lang.Object, java.lang.Object>> : Unable to instantiate K
[MASTER] 12:25:36.694 [pool-2-thread-1] ERROR TestCluster - Failed to check cache for java.util.Map<java.util.TreeMap<java.lang.Object, java.lang.String>, java.util.HashMap<java.lang.Object, java.lang.String>> : Unable to instantiate K
[MASTER] 12:25:38.173 [pool-2-thread-1] ERROR TestCluster - Failed to check cache for java.util.Map<org.apache.commons.collections4.map.ListOrderedMap<java.lang.Object, java.lang.Object>, org.apache.commons.collections4.bidimap.DualTreeBidiMap<java.lang.String, java.lang.Object>> : Unable to instantiate K
[MASTER] 12:25:38.776 [pool-2-thread-1] ERROR TestCluster - Failed to check cache for java.util.Map<org.apache.commons.collections4.bidimap.DualTreeBidiMap<java.lang.String, java.lang.Object>, org.apache.commons.collections4.map.ListOrderedMap<java.lang.Object, java.lang.Object>> : Unable to instantiate K
[MASTER] 12:25:40.083 [pool-2-thread-1] ERROR TestCluster - Failed to check cache for java.util.Iterator<java.util.Map.Entry<org.apache.commons.collections4.map.UnmodifiableOrderedMap<java.lang.Integer, java.lang.Integer>, org.apache.commons.collections4.map.FixedSizeSortedMap<java.lang.Integer, java.lang.String>>> : Unable to instantiate K
[MASTER] 12:25:41.180 [pool-2-thread-1] ERROR TestCluster - Failed to check cache for java.util.Map<org.apache.commons.collections4.bidimap.UnmodifiableSortedBidiMap<java.lang.String, java.lang.Object>, org.apache.commons.collections4.map.LinkedMap<java.lang.String, java.lang.Object>> : Unable to instantiate K
[MASTER] 12:25:42.908 [pool-2-thread-1] ERROR TestCluster - Failed to check cache for java.util.Map<org.apache.commons.collections4.map.LinkedMap<java.lang.String, java.lang.Object>, org.apache.commons.collections4.bidimap.UnmodifiableSortedBidiMap<java.lang.String, java.lang.Object>> : Unable to instantiate K
[MASTER] 12:25:46.732 [pool-2-thread-1] ERROR TestCluster - Failed to check cache for org.apache.commons.collections4.BidiMap<org.apache.commons.collections4.bidimap.DualTreeBidiMap<java.lang.Object, java.lang.String>, org.apache.commons.collections4.map.FixedSizeSortedMap<java.lang.String, java.lang.Integer>> : Unable to instantiate K
[MASTER] 12:25:48.983 [pool-2-thread-1] ERROR TestCluster - Failed to check cache for java.util.Map<org.apache.commons.collections4.bidimap.DualTreeBidiMap<java.lang.String, java.lang.Object>.ViewMap<java.lang.Object, java.lang.String>, org.apache.commons.collections4.map.ListOrderedMap<java.lang.String, java.lang.Object>> : Unable to instantiate V
[MASTER] 12:25:50.653 [pool-2-thread-1] ERROR TestCluster - Failed to check cache for java.util.Map<org.apache.commons.collections4.trie.PatriciaTrie<java.lang.Object>, org.apache.commons.collections4.bidimap.DualTreeBidiMap<java.lang.Object, java.lang.Integer>> : Unable to instantiate V
[MASTER] 12:25:52.660 [pool-2-thread-1] ERROR TestCluster - Failed to check cache for org.apache.commons.collections4.OrderedMap<java.lang.String, org.apache.commons.collections4.bidimap.UnmodifiableSortedBidiMap<java.lang.Object, java.lang.Integer>> : Unable to instantiate V
[MASTER] 12:25:53.509 [pool-2-thread-1] ERROR TestCluster - Failed to check cache for java.util.Map<java.util.TreeMap<java.lang.Object, java.lang.Object>, java.util.TreeMap<java.lang.Integer, java.lang.String>> : Unable to instantiate V
[MASTER] 12:25:54.567 [pool-2-thread-1] ERROR TestCluster - Failed to check cache for java.util.Map<org.apache.commons.collections4.map.LinkedMap<java.lang.Integer, java.lang.Integer>, java.lang.String> : Unable to instantiate V
[MASTER] 12:25:56.589 [pool-2-thread-1] ERROR TestCluster - Failed to check cache for java.util.Map<org.apache.commons.collections4.bidimap.UnmodifiableSortedBidiMap<java.lang.Object, java.lang.Integer>, java.lang.String> : Unable to instantiate K
[MASTER] 12:25:58.673 [pool-2-thread-1] ERROR TestCluster - Failed to check cache for org.apache.commons.collections4.bidimap.AbstractDualBidiMap<org.apache.commons.collections4.bidimap.DualTreeBidiMap<java.lang.Object, java.lang.String>, java.lang.Integer> : Unable to instantiate K
[MASTER] 12:25:59.329 [pool-2-thread-1] ERROR TestCluster - Failed to check cache for java.util.Map<org.apache.commons.collections4.bidimap.DualTreeBidiMap<java.lang.Object, java.lang.Integer>, java.lang.Integer> : Unable to instantiate K
[MASTER] 12:26:01.125 [pool-2-thread-1] ERROR TestCluster - Failed to check cache for java.util.Map<org.apache.commons.collections4.map.UnmodifiableSortedMap<java.lang.String, java.lang.Object>, org.apache.commons.collections4.map.UnmodifiableOrderedMap<java.lang.String, java.lang.Object>> : Unable to instantiate K
[MASTER] 12:26:02.258 [pool-2-thread-1] ERROR TestCluster - Failed to check cache for java.util.Map<java.lang.String, java.lang.Object> : Unable to instantiate K
[MASTER] 12:26:03.787 [pool-2-thread-1] ERROR TestCluster - Failed to check cache for java.util.Map<java.lang.Integer, org.apache.commons.collections4.bidimap.DualTreeBidiMap<java.lang.Object, java.lang.String>.ViewMap<java.lang.Integer, java.lang.Object>> : Unable to instantiate K
[MASTER] 12:26:07.911 [pool-2-thread-1] ERROR TestCluster - Failed to check cache for java.util.Map<java.lang.Integer, org.apache.commons.collections4.bidimap.DualTreeBidiMap<java.lang.Integer, java.lang.Object>>.Entry<org.apache.commons.collections4.map.SingletonMap<java.lang.Object, java.lang.Integer>, java.lang.Integer> : Unable to instantiate K
[MASTER] 12:26:08.404 [pool-2-thread-1] ERROR TestCluster - Failed to check cache for java.util.Map<org.apache.commons.collections4.map.UnmodifiableSortedMap<java.lang.Integer, java.lang.Integer>, org.apache.commons.collections4.trie.UnmodifiableTrie<java.lang.Integer, java.lang.Object>>.Entry<org.apache.commons.collections4.map.SingletonMap<java.lang.String, java.lang.Integer>, java.lang.Integer> : Unable to instantiate K
[MASTER] 12:26:08.887 [pool-2-thread-1] ERROR TestCluster - Failed to check cache for java.util.Map<org.apache.commons.collections4.bidimap.UnmodifiableSortedBidiMap<java.lang.Object, java.lang.Object>, java.lang.Integer>.Entry<org.apache.commons.collections4.map.SingletonMap<java.lang.String, java.lang.Integer>, java.lang.Integer> : Unable to instantiate K
[MASTER] 12:26:09.747 [pool-2-thread-1] ERROR TestCluster - Failed to check cache for java.util.Map<org.apache.commons.collections4.map.LRUMap<java.lang.String, java.lang.Integer>, org.apache.commons.collections4.map.SingletonMap<java.lang.Integer, java.lang.String>> : Unable to instantiate K
[MASTER] 12:26:12.390 [pool-2-thread-1] ERROR TestCluster - Failed to check cache for java.util.Map<org.apache.commons.collections4.trie.PatriciaTrie<java.lang.Object>, java.lang.Object> : Unable to instantiate K
[MASTER] 12:26:15.008 [pool-2-thread-1] ERROR TestCluster - Failed to check cache for java.util.Map<org.apache.commons.collections4.bidimap.DualTreeBidiMap<java.lang.Integer, java.lang.Integer>, org.apache.commons.collections4.bidimap.DualTreeBidiMap<java.lang.Object, java.lang.String>> : Unable to instantiate K
[MASTER] 12:26:17.113 [pool-2-thread-1] ERROR TestCluster - Failed to check cache for java.util.Map<org.apache.commons.collections4.map.FixedSizeSortedMap<java.lang.String, java.lang.String>, org.apache.commons.collections4.map.UnmodifiableOrderedMap<java.lang.Object, java.lang.Object>> : Unable to instantiate K
[MASTER] 12:26:19.447 [pool-2-thread-1] ERROR TestCluster - Failed to check cache for org.apache.commons.collections4.BidiMap<java.lang.String, java.lang.String> : Unable to instantiate K
[MASTER] 12:26:20.850 [pool-2-thread-1] ERROR TestCluster - Failed to check cache for java.util.Map<org.apache.commons.collections4.trie.PatriciaTrie<java.lang.Integer>, java.lang.Integer> : Unable to instantiate K
[MASTER] 12:26:23.523 [pool-2-thread-1] ERROR TestCluster - Failed to check cache for java.util.Map<org.apache.commons.collections4.map.FixedSizeSortedMap<java.lang.Object, java.lang.String>, org.apache.commons.collections4.map.LinkedMap<java.lang.String, java.lang.String>> : Unable to instantiate K
[MASTER] 12:26:29.011 [pool-2-thread-1] ERROR TestCluster - Failed to check cache for java.util.Map<java.lang.Object, org.apache.commons.collections4.bidimap.UnmodifiableSortedBidiMap<java.lang.Object, java.lang.Integer>> : Unable to instantiate K
[MASTER] 12:26:31.011 [pool-2-thread-1] ERROR TestCluster - Failed to check cache for java.util.Map<java.util.TreeMap<java.lang.String, java.lang.String>, org.apache.commons.collections4.map.ListOrderedMap<java.lang.String, java.lang.String>> : Unable to instantiate K
[MASTER] 12:26:32.713 [pool-2-thread-1] ERROR TestCluster - Failed to check cache for java.util.Map<org.apache.commons.collections4.map.ListOrderedMap<java.lang.String, java.lang.String>, java.util.TreeMap<java.lang.String, java.lang.String>> : Unable to instantiate K
[MASTER] 12:26:34.179 [pool-2-thread-1] ERROR TestCluster - Failed to check cache for java.util.Map<org.apache.commons.collections4.map.UnmodifiableSortedMap<java.lang.Object, java.lang.Object>, org.apache.commons.collections4.trie.UnmodifiableTrie<java.lang.String, java.lang.Integer>> : Unable to instantiate K
[MASTER] 12:26:36.831 [pool-2-thread-1] ERROR TestCluster - Failed to check cache for java.util.Map<org.apache.commons.collections4.trie.UnmodifiableTrie<java.lang.Object, java.lang.String>, org.apache.commons.collections4.map.UnmodifiableSortedMap<java.lang.Object, java.lang.String>> : Unable to instantiate K
[MASTER] 12:26:38.425 [pool-2-thread-1] ERROR TestCluster - Failed to check cache for java.util.Map<org.apache.commons.collections4.bidimap.DualTreeBidiMap<java.lang.Integer, java.lang.Object>.ViewMap<java.lang.Integer, java.lang.Object>, org.apache.commons.collections4.bidimap.UnmodifiableSortedBidiMap<java.lang.String, java.lang.Object>> : Unable to instantiate K
[MASTER] 12:26:39.570 [pool-2-thread-1] ERROR TestCluster - Failed to check cache for org.apache.commons.collections4.BidiMap<org.apache.commons.collections4.bidimap.UnmodifiableSortedBidiMap<java.lang.String, java.lang.Object>, org.apache.commons.collections4.bidimap.DualTreeBidiMap<java.lang.Integer, java.lang.Object>.ViewMap<java.lang.Integer, java.lang.Object>> : Unable to instantiate K
[MASTER] 12:26:41.427 [pool-2-thread-1] ERROR TestCluster - Failed to check cache for org.apache.commons.collections4.BidiMap<java.lang.String, java.lang.Object> : Unable to instantiate K
[MASTER] 12:26:42.763 [pool-2-thread-1] ERROR TestCluster - Failed to check cache for java.util.Map<org.apache.commons.collections4.map.FixedSizeSortedMap<java.lang.Integer, java.lang.Object>, org.apache.commons.collections4.bidimap.DualTreeBidiMap<java.lang.Object, java.lang.Object>.ViewMap<java.lang.String, java.lang.Object>> : Unable to instantiate V
[MASTER] 12:26:44.885 [pool-2-thread-1] ERROR TestCluster - Failed to check cache for java.util.Map<org.apache.commons.collections4.map.FixedSizeSortedMap<java.lang.String, java.lang.Object>, org.apache.commons.collections4.bidimap.DualTreeBidiMap<java.lang.Integer, java.lang.Object>.ViewMap<java.lang.Object, java.lang.Object>> : Unable to instantiate K
[MASTER] 12:26:45.565 [pool-2-thread-1] ERROR TestCluster - Failed to check cache for java.util.Map<org.apache.commons.collections4.map.SingletonMap<java.lang.Integer, java.lang.String>, java.lang.Integer> : Unable to instantiate K
[MASTER] 12:26:46.201 [pool-2-thread-1] ERROR TestCluster - Failed to check cache for java.util.Map<java.lang.Integer, org.apache.commons.collections4.map.SingletonMap<java.lang.Integer, java.lang.String>> : Unable to instantiate K
[MASTER] 12:26:46.921 [pool-2-thread-1] ERROR TestCluster - Failed to check cache for org.apache.commons.collections4.bidimap.AbstractDualBidiMap<java.lang.String, org.apache.commons.collections4.bidimap.DualTreeBidiMap<java.lang.String, java.lang.Integer>> : Unable to instantiate K
[MASTER] 12:26:47.568 [pool-2-thread-1] ERROR TestCluster - Failed to check cache for java.util.Map<java.lang.String, org.apache.commons.collections4.bidimap.DualTreeBidiMap<java.lang.String, java.lang.Integer>> : Unable to instantiate K
[MASTER] 12:26:50.416 [pool-2-thread-1] ERROR TestCluster - Failed to check cache for java.util.Map<org.apache.commons.collections4.bidimap.DualTreeBidiMap<java.lang.Object, java.lang.String>.ViewMap<java.lang.Object, java.lang.Object>, org.apache.commons.collections4.bidimap.UnmodifiableSortedBidiMap<java.lang.Object, java.lang.Object>> : Unable to instantiate K
[MASTER] 12:26:52.534 [pool-2-thread-1] ERROR TestCluster - Failed to check cache for java.util.Map<java.util.TreeMap<java.lang.Integer, java.lang.Integer>, org.apache.commons.collections4.bidimap.DualTreeBidiMap<java.lang.Object, java.lang.Object>> : Unable to instantiate K
[MASTER] 12:26:56.922 [pool-2-thread-1] ERROR TestCluster - Failed to check cache for java.util.Map<org.apache.commons.collections4.map.FixedSizeSortedMap<java.lang.String, java.lang.Object>, org.apache.commons.collections4.map.FixedSizeSortedMap<java.lang.Object, java.lang.Object>> : Unable to instantiate K
[MASTER] 12:26:58.555 [pool-2-thread-1] ERROR TestCluster - Failed to check cache for java.util.Map<org.apache.commons.collections4.map.FixedSizeSortedMap<java.lang.Object, java.lang.Object>, org.apache.commons.collections4.map.FixedSizeSortedMap<java.lang.String, java.lang.Object>> : Unable to instantiate K
[MASTER] 12:27:00.219 [pool-2-thread-1] ERROR TestCluster - Failed to check cache for java.util.Map<java.lang.Integer, org.apache.commons.collections4.map.FixedSizeSortedMap<java.lang.Object, java.lang.Integer>> : Unable to instantiate K
[MASTER] 12:27:01.737 [pool-2-thread-1] ERROR TestCluster - Failed to check cache for java.util.Map<org.apache.commons.collections4.map.FixedSizeSortedMap<java.lang.Object, java.lang.Object>, org.apache.commons.collections4.bidimap.UnmodifiableOrderedBidiMap<java.lang.Object, java.lang.String>> : Unable to instantiate K
[MASTER] 12:27:04.348 [pool-2-thread-1] ERROR TestCluster - Failed to check cache for java.util.Map<org.apache.commons.collections4.bidimap.UnmodifiableOrderedBidiMap<java.lang.Integer, java.lang.String>, org.apache.commons.collections4.trie.PatriciaTrie<java.lang.Integer>> : Unable to instantiate K
[MASTER] 12:27:05.633 [pool-2-thread-1] ERROR TestCluster - Failed to check cache for java.util.Map<java.lang.Object, java.lang.Object> : Unable to instantiate K
[MASTER] 12:27:07.247 [pool-2-thread-1] ERROR TestCluster - Failed to check cache for java.util.Map<org.apache.commons.collections4.bidimap.UnmodifiableSortedBidiMap<java.lang.Object, java.lang.String>, org.apache.commons.collections4.map.UnmodifiableOrderedMap<java.lang.Object, java.lang.Object>> : Unable to instantiate K
[MASTER] 12:27:08.558 [pool-2-thread-1] ERROR TestCluster - Failed to check cache for java.util.Map<org.apache.commons.collections4.bidimap.DualTreeBidiMap<java.lang.Object, java.lang.Object>, java.lang.String> : Unable to instantiate K
[MASTER] 12:27:09.237 [pool-2-thread-1] ERROR TestCluster - Failed to check cache for java.util.Map<java.lang.String, org.apache.commons.collections4.bidimap.DualTreeBidiMap<java.lang.Object, java.lang.Object>> : Unable to instantiate K
[MASTER] 12:27:11.982 [pool-2-thread-1] ERROR TestCluster - Failed to check cache for java.util.Map<org.apache.commons.collections4.trie.PatriciaTrie<java.lang.String>, org.apache.commons.collections4.bidimap.UnmodifiableSortedBidiMap<java.lang.Object, java.lang.String>> : Unable to instantiate K
[MASTER] 12:27:14.675 [pool-2-thread-1] ERROR TestCluster - Failed to check cache for java.util.Map<org.apache.commons.collections4.bidimap.UnmodifiableSortedBidiMap<java.lang.Object, java.lang.Integer>, org.apache.commons.collections4.bidimap.DualTreeBidiMap<java.lang.Object, java.lang.Object>> : Unable to instantiate K
[MASTER] 12:27:19.774 [pool-2-thread-1] ERROR TestCluster - Failed to check cache for java.util.Map<java.util.HashMap<java.lang.Object, java.lang.Object>, org.apache.commons.collections4.trie.PatriciaTrie<java.lang.String>> : Unable to instantiate K
[MASTER] 12:27:22.188 [pool-2-thread-1] ERROR TestCluster - Failed to check cache for java.util.Map<org.apache.commons.collections4.bidimap.DualTreeBidiMap<java.lang.String, java.lang.String>.ViewMap<java.lang.Integer, java.lang.Object>, org.apache.commons.collections4.bidimap.UnmodifiableOrderedBidiMap<java.lang.String, java.lang.Object>> : Unable to instantiate K
[MASTER] 12:27:23.776 [pool-2-thread-1] ERROR TestCluster - Failed to check cache for java.util.Map<org.apache.commons.collections4.bidimap.DualTreeBidiMap<java.lang.Object, java.lang.Object>, org.apache.commons.collections4.trie.PatriciaTrie<java.lang.Integer>> : Unable to instantiate K
[MASTER] 12:27:25.026 [pool-2-thread-1] ERROR TestCluster - Failed to check cache for java.util.Map<org.apache.commons.collections4.bidimap.DualTreeBidiMap<java.lang.Integer, java.lang.String>, java.lang.String> : Unable to instantiate K
[MASTER] 12:27:26.773 [pool-2-thread-1] ERROR TestCluster - Failed to check cache for java.util.Map<java.util.TreeMap<java.lang.String, java.lang.Object>, org.apache.commons.collections4.map.FixedSizeSortedMap<java.lang.Object, java.lang.Object>> : Unable to instantiate K
[MASTER] 12:27:27.918 [pool-2-thread-1] ERROR TestCluster - Failed to check cache for org.apache.commons.collections4.bidimap.AbstractDualBidiMap<org.apache.commons.collections4.bidimap.DualTreeBidiMap<java.lang.String, java.lang.String>.ViewMap<java.lang.Object, java.lang.Object>, org.apache.commons.collections4.map.UnmodifiableOrderedMap<java.lang.Object, java.lang.Integer>> : Unable to instantiate K
[MASTER] 12:27:30.142 [pool-2-thread-1] ERROR TestCluster - Failed to check cache for java.util.SortedMap<java.lang.Object, org.apache.commons.collections4.map.ListOrderedMap<java.lang.Object, java.lang.String>> : Unable to instantiate K
[MASTER] 12:27:32.596 [pool-2-thread-1] ERROR TestCluster - Failed to check cache for java.util.Map<org.apache.commons.collections4.map.SingletonMap<java.lang.Integer, java.lang.Integer>, org.apache.commons.collections4.bidimap.DualTreeBidiMap<java.lang.Object, java.lang.Object>> : Unable to instantiate K
[MASTER] 12:27:38.425 [pool-2-thread-1] ERROR TestCluster - Failed to check cache for java.util.Map<java.lang.String, org.apache.commons.collections4.trie.PatriciaTrie<java.lang.Object>> : Unable to instantiate V
[MASTER] 12:27:40.586 [pool-2-thread-1] ERROR TestCluster - Failed to check cache for java.util.Map<org.apache.commons.collections4.bidimap.DualTreeBidiMap<java.lang.Object, java.lang.Object>, org.apache.commons.collections4.bidimap.UnmodifiableSortedBidiMap<java.lang.Integer, java.lang.Object>> : Unable to instantiate V
[MASTER] 12:27:42.355 [pool-2-thread-1] ERROR TestCluster - Failed to check cache for org.apache.commons.collections4.OrderedMap<java.lang.String, java.lang.String> : Unable to instantiate K
[MASTER] 12:27:44.789 [pool-2-thread-1] ERROR TestCluster - Failed to check cache for java.util.Map<java.lang.Object, org.apache.commons.collections4.bidimap.UnmodifiableOrderedBidiMap<java.lang.String, java.lang.Integer>> : Unable to instantiate K
[MASTER] 12:27:45.784 [pool-2-thread-1] ERROR TestCluster - Failed to check cache for org.apache.commons.collections4.bidimap.AbstractDualBidiMap<org.apache.commons.collections4.map.UnmodifiableSortedMap<java.lang.String, java.lang.String>, java.lang.String> : Unable to instantiate K
[MASTER] 12:27:47.276 [pool-2-thread-1] ERROR TestCluster - Failed to check cache for org.apache.commons.collections4.bidimap.AbstractDualBidiMap<org.apache.commons.collections4.trie.PatriciaTrie<java.lang.Object>, org.apache.commons.collections4.map.UnmodifiableSortedMap<java.lang.Object, java.lang.Integer>> : Unable to instantiate K
[MASTER] 12:27:47.449 [pool-2-thread-1] ERROR TestCluster - Failed to check cache for org.apache.commons.collections4.bidimap.AbstractDualBidiMap<org.apache.commons.collections4.map.LRUMap<java.lang.Object, java.lang.String>, org.apache.commons.collections4.map.UnmodifiableOrderedMap<java.lang.String, java.lang.Object>> : Unable to instantiate K
[MASTER] 12:27:47.671 [pool-2-thread-1] ERROR TestCluster - Failed to check cache for org.apache.commons.collections4.bidimap.AbstractDualBidiMap<java.lang.Object, org.apache.commons.collections4.bidimap.UnmodifiableSortedBidiMap<java.lang.Integer, java.lang.Integer>> : Unable to instantiate K
[MASTER] 12:27:48.400 [pool-2-thread-1] ERROR TestCluster - Failed to check cache for java.util.Map<org.apache.commons.collections4.map.FixedSizeSortedMap<java.lang.Object, java.lang.Object>, java.lang.String> : Unable to instantiate K
[MASTER] 12:27:53.906 [pool-2-thread-1] ERROR TestCluster - Failed to check cache for java.util.Map<org.apache.commons.collections4.bidimap.DualTreeBidiMap<java.lang.Object, java.lang.Object>, org.apache.commons.collections4.trie.PatriciaTrie<java.lang.String>> : Unable to instantiate V
[MASTER] 12:28:03.239 [pool-2-thread-1] ERROR TestCluster - Failed to check cache for org.apache.commons.collections4.BidiMap<java.lang.Integer, java.lang.Integer> : Unable to instantiate K
[MASTER] 12:28:04.434 [pool-2-thread-1] ERROR TestCluster - Failed to check cache for java.util.Map<org.apache.commons.collections4.bidimap.UnmodifiableOrderedBidiMap<java.lang.String, java.lang.String>, java.lang.Object> : Unable to instantiate K
[MASTER] 12:28:05.770 [pool-2-thread-1] ERROR TestCluster - Failed to check cache for java.util.Map<org.apache.commons.collections4.trie.PatriciaTrie<java.lang.Object>, org.apache.commons.collections4.bidimap.UnmodifiableOrderedBidiMap<java.lang.Integer, java.lang.Object>> : Unable to instantiate K
[MASTER] 12:28:08.180 [pool-2-thread-1] ERROR TestCluster - Failed to check cache for java.util.Map<java.lang.String, org.apache.commons.collections4.trie.PatriciaTrie<java.lang.Object>> : Unable to instantiate K
[MASTER] 12:28:10.524 [pool-2-thread-1] ERROR TestCluster - Failed to check cache for java.util.Iterator<org.apache.commons.collections4.bidimap.UnmodifiableSortedBidiMap<java.lang.Object, java.lang.Object>> : Unable to instantiate K
[MASTER] 12:28:11.263 [pool-2-thread-1] ERROR TestCluster - Failed to check cache for org.apache.commons.collections4.bidimap.AbstractDualBidiMap<org.apache.commons.collections4.bidimap.UnmodifiableSortedBidiMap<java.lang.Object, java.lang.Object>, org.apache.commons.collections4.bidimap.UnmodifiableSortedBidiMap<java.lang.Integer, java.lang.Object>> : Unable to instantiate K
[MASTER] 12:28:12.298 [pool-2-thread-1] ERROR TestCluster - Failed to check cache for java.util.Map<java.lang.String, org.apache.commons.collections4.bidimap.UnmodifiableSortedBidiMap<java.lang.Integer, java.lang.String>> : Unable to instantiate K
[MASTER] 12:28:14.180 [pool-2-thread-1] ERROR TestCluster - Failed to check cache for java.util.Map<java.lang.String, org.apache.commons.collections4.map.SingletonMap<java.lang.String, java.lang.Object>> : Unable to instantiate K
[MASTER] 12:28:16.042 [pool-2-thread-1] ERROR TestCluster - Failed to check cache for java.util.Map<org.apache.commons.collections4.map.SingletonMap<java.lang.String, java.lang.Object>, java.lang.String> : Unable to instantiate V
[MASTER] 12:28:17.890 [pool-2-thread-1] ERROR TestCluster - Failed to check cache for java.util.Map<org.apache.commons.collections4.bidimap.DualTreeBidiMap<java.lang.Object, java.lang.String>.ViewMap<java.lang.Object, java.lang.Object>, java.lang.String> : Unable to instantiate V
[MASTER] 12:28:18.847 [pool-2-thread-1] ERROR TestCluster - Failed to check cache for org.apache.commons.collections4.bidimap.AbstractDualBidiMap<org.apache.commons.collections4.map.FixedSizeSortedMap<java.lang.Object, java.lang.String>, java.lang.String> : Unable to instantiate V
[MASTER] 12:28:19.670 [pool-2-thread-1] ERROR TestCluster - Failed to check cache for java.util.Map<org.apache.commons.collections4.map.FixedSizeSortedMap<java.lang.Object, java.lang.String>, java.lang.String> : Unable to instantiate V
[MASTER] 12:28:21.640 [pool-2-thread-1] ERROR TestCluster - Failed to check cache for java.util.Map<org.apache.commons.collections4.bidimap.UnmodifiableOrderedBidiMap<java.lang.Object, java.lang.String>, org.apache.commons.collections4.trie.PatriciaTrie<java.lang.Object>> : Unable to instantiate V
[MASTER] 12:28:22.908 [pool-2-thread-1] ERROR TestCluster - Failed to check cache for java.util.Map<org.apache.commons.collections4.trie.PatriciaTrie<java.lang.Object>, org.apache.commons.collections4.bidimap.UnmodifiableOrderedBidiMap<java.lang.Object, java.lang.String>> : Unable to instantiate V
[MASTER] 12:28:24.678 [pool-2-thread-1] ERROR TestCluster - Failed to check cache for org.apache.commons.collections4.BidiMap<org.apache.commons.collections4.trie.PatriciaTrie<java.lang.Object>, org.apache.commons.collections4.bidimap.UnmodifiableOrderedBidiMap<java.lang.Object, java.lang.String>> : Unable to instantiate K
[MASTER] 12:28:26.222 [pool-2-thread-1] ERROR TestCluster - Failed to check cache for java.util.Map<org.apache.commons.collections4.map.LRUMap<java.lang.Object, java.lang.Object>, org.apache.commons.collections4.map.SingletonMap<java.lang.Object, java.lang.String>> : Unable to instantiate K
[MASTER] 12:28:27.389 [pool-2-thread-1] ERROR TestCluster - Failed to check cache for java.util.Map<java.lang.Object, org.apache.commons.collections4.map.UnmodifiableSortedMap<java.lang.String, java.lang.String>> : Unable to instantiate K
[MASTER] 12:28:28.730 [pool-2-thread-1] ERROR TestCluster - Failed to check cache for java.util.Map<org.apache.commons.collections4.map.UnmodifiableOrderedMap<java.lang.String, java.lang.String>, org.apache.commons.collections4.trie.PatriciaTrie<java.lang.Object>> : Unable to instantiate K
[MASTER] 12:28:29.944 [pool-2-thread-1] ERROR TestCluster - Failed to check cache for java.util.Map<org.apache.commons.collections4.bidimap.UnmodifiableOrderedBidiMap<java.lang.Object, java.lang.Object>, java.lang.Integer> : Unable to instantiate K
[MASTER] 12:28:32.860 [pool-2-thread-1] ERROR TestCluster - Failed to check cache for java.util.Map<org.apache.commons.collections4.bidimap.DualTreeBidiMap<java.lang.String, java.lang.Object>, org.apache.commons.collections4.map.FixedSizeSortedMap<java.lang.Object, java.lang.String>> : Unable to instantiate K
[MASTER] 12:28:35.142 [pool-2-thread-1] ERROR TestCluster - Failed to check cache for java.util.Map<org.apache.commons.collections4.bidimap.DualTreeBidiMap<java.lang.String, java.lang.String>.ViewMap<java.lang.Integer, java.lang.Object>, org.apache.commons.collections4.bidimap.UnmodifiableSortedBidiMap<java.lang.String, java.lang.Integer>> : Unable to instantiate K
[MASTER] 12:28:37.276 [pool-2-thread-1] ERROR TestCluster - Failed to check cache for java.util.Map<org.apache.commons.collections4.map.LRUMap<java.lang.Integer, java.lang.Object>, org.apache.commons.collections4.map.SingletonMap<java.lang.String, java.lang.String>> : Unable to instantiate K
[MASTER] 12:28:40.686 [pool-2-thread-1] ERROR TestCluster - Failed to check cache for java.util.Map<org.apache.commons.collections4.map.LRUMap<java.lang.String, java.lang.Object>, org.apache.commons.collections4.map.SingletonMap<java.lang.String, java.lang.Integer>> : Unable to instantiate K
[MASTER] 12:28:44.456 [pool-2-thread-1] ERROR TestCluster - Failed to check cache for java.util.Map<org.apache.commons.collections4.trie.PatriciaTrie<java.lang.Integer>, org.apache.commons.collections4.map.FixedSizeSortedMap<java.lang.Object, java.lang.Integer>> : Unable to instantiate K
[MASTER] 12:28:47.283 [pool-2-thread-1] ERROR TestCluster - Failed to check cache for java.util.Map<org.apache.commons.collections4.bidimap.DualTreeBidiMap<java.lang.Object, java.lang.Object>, org.apache.commons.collections4.map.SingletonMap<java.lang.String, java.lang.Object>> : Unable to instantiate K
[MASTER] 12:28:53.970 [pool-2-thread-1] ERROR TestCluster - Failed to check cache for java.util.Map<java.util.TreeMap<java.lang.Object, java.lang.String>, java.util.TreeMap<java.lang.Object, java.lang.Object>> : Unable to instantiate K
[MASTER] 12:28:56.423 [pool-2-thread-1] ERROR TestCluster - Failed to check cache for java.util.Map<org.apache.commons.collections4.trie.PatriciaTrie<java.lang.String>, org.apache.commons.collections4.map.LinkedMap<java.lang.Object, java.lang.String>> : Unable to instantiate K
[MASTER] 12:28:59.122 [pool-2-thread-1] ERROR TestCluster - Failed to check cache for java.util.Map<java.lang.Integer, java.lang.Object> : Unable to instantiate V
[MASTER] 12:29:00.337 [pool-2-thread-1] ERROR TestCluster - Failed to check cache for org.apache.commons.collections4.bidimap.AbstractDualBidiMap<org.apache.commons.collections4.bidimap.DualTreeBidiMap<java.lang.Object, java.lang.String>, org.apache.commons.collections4.map.ListOrderedMap<java.lang.Object, java.lang.Object>> : Unable to instantiate V
[MASTER] 12:29:01.738 [pool-2-thread-1] ERROR TestCluster - Failed to check cache for java.util.Map<java.lang.String, java.lang.Integer> : Unable to instantiate V
[MASTER] 12:29:06.033 [pool-2-thread-1] ERROR TestCluster - Failed to check cache for java.util.Map<java.lang.Integer, java.lang.Object> : Unable to instantiate K
[MASTER] 12:29:07.364 [pool-2-thread-1] ERROR TestCluster - Failed to check cache for java.util.Map<org.apache.commons.collections4.bidimap.DualTreeBidiMap<java.lang.Object, java.lang.Object>.ViewMap<java.lang.String, java.lang.Object>, org.apache.commons.collections4.bidimap.DualTreeBidiMap<java.lang.Object, java.lang.String>> : Unable to instantiate V
[MASTER] 12:29:09.351 [pool-2-thread-1] ERROR TestCluster - Failed to check cache for java.util.Map<org.apache.commons.collections4.bidimap.DualTreeBidiMap<java.lang.Object, java.lang.String>, org.apache.commons.collections4.bidimap.DualTreeBidiMap<java.lang.Object, java.lang.Object>.ViewMap<java.lang.String, java.lang.Object>> : Unable to instantiate K
[MASTER] 12:29:12.374 [pool-2-thread-1] ERROR TestCluster - Failed to check cache for java.util.Map<org.apache.commons.collections4.bidimap.UnmodifiableSortedBidiMap<java.lang.Object, java.lang.Object>, org.apache.commons.collections4.bidimap.DualTreeBidiMap<java.lang.Object, java.lang.String>.ViewMap<java.lang.String, java.lang.Integer>> : Unable to instantiate K
[MASTER] 12:29:18.793 [pool-2-thread-1] ERROR TestCluster - Failed to check cache for org.apache.commons.collections4.bidimap.AbstractDualBidiMap<org.apache.commons.collections4.trie.UnmodifiableTrie<java.lang.Object, java.lang.Object>, org.apache.commons.collections4.bidimap.UnmodifiableSortedBidiMap<java.lang.String, java.lang.Object>> : Unable to instantiate V
[MASTER] 12:29:19.747 [pool-2-thread-1] ERROR TestCluster - Failed to check cache for java.util.Map<org.apache.commons.collections4.trie.UnmodifiableTrie<java.lang.String, java.lang.Object>, org.apache.commons.collections4.bidimap.UnmodifiableSortedBidiMap<java.lang.Object, java.lang.Object>> : Unable to instantiate V
[MASTER] 12:29:24.108 [pool-2-thread-1] ERROR TestCluster - Failed to check cache for java.util.Map<org.apache.commons.collections4.bidimap.DualTreeBidiMap<java.lang.Object, java.lang.Integer>, java.util.TreeMap<java.lang.String, java.lang.String>> : Unable to instantiate K
[MASTER] 12:29:25.650 [pool-2-thread-1] ERROR TestCluster - Failed to check cache for java.util.Map<org.apache.commons.collections4.map.ListOrderedMap<java.lang.Object, java.lang.Object>, org.apache.commons.collections4.map.SingletonMap<java.lang.String, java.lang.String>> : Unable to instantiate K
[MASTER] 12:29:28.245 [pool-2-thread-1] ERROR TestCluster - Failed to check cache for java.util.Iterator<java.util.Map.Entry<org.apache.commons.collections4.bidimap.UnmodifiableOrderedBidiMap<java.lang.Object, java.lang.Object>, org.apache.commons.collections4.bidimap.UnmodifiableOrderedBidiMap<java.lang.Object, java.lang.Object>>> : Unable to instantiate K
[MASTER] 12:29:29.613 [pool-2-thread-1] ERROR TestCluster - Failed to check cache for org.apache.commons.collections4.BidiMap<org.apache.commons.collections4.bidimap.UnmodifiableOrderedBidiMap<java.lang.Object, java.lang.Object>, java.lang.Object> : Unable to instantiate K
[MASTER] 12:29:30.916 [pool-2-thread-1] ERROR TestCluster - Failed to check cache for java.util.Map<org.apache.commons.collections4.bidimap.UnmodifiableOrderedBidiMap<java.lang.Object, java.lang.Object>, java.util.TreeMap<java.lang.Integer, java.lang.Integer>> : Unable to instantiate K
[MASTER] 12:29:32.530 [pool-2-thread-1] ERROR TestCluster - Failed to check cache for java.util.Map<java.util.TreeMap<java.lang.String, java.lang.Integer>, org.apache.commons.collections4.bidimap.UnmodifiableOrderedBidiMap<java.lang.Object, java.lang.Object>> : Unable to instantiate K
[MASTER] 12:29:34.175 [pool-2-thread-1] ERROR TestCluster - Failed to check cache for java.util.Map<org.apache.commons.collections4.bidimap.UnmodifiableOrderedBidiMap<java.lang.Object, java.lang.Object>, java.util.TreeMap<java.lang.String, java.lang.Integer>> : Unable to instantiate K
[MASTER] 12:29:37.308 [pool-2-thread-1] ERROR TestCluster - Failed to check cache for java.util.Map<org.apache.commons.collections4.bidimap.DualTreeBidiMap<java.lang.String, java.lang.String>.ViewMap<java.lang.Object, java.lang.Object>, org.apache.commons.collections4.trie.PatriciaTrie<java.lang.String>> : Unable to instantiate K
[MASTER] 12:29:39.131 [pool-2-thread-1] ERROR TestCluster - Failed to check cache for java.util.Map<org.apache.commons.collections4.trie.PatriciaTrie<java.lang.String>, org.apache.commons.collections4.bidimap.DualTreeBidiMap<java.lang.String, java.lang.String>.ViewMap<java.lang.Object, java.lang.Object>> : Unable to instantiate K
[MASTER] 12:29:40.898 [pool-2-thread-1] ERROR TestCluster - Failed to check cache for org.apache.commons.collections4.bidimap.AbstractDualBidiMap<org.apache.commons.collections4.map.UnmodifiableOrderedMap<java.lang.String, java.lang.Object>, org.apache.commons.collections4.map.LRUMap<java.lang.String, java.lang.String>> : Unable to instantiate K
[MASTER] 12:29:46.068 [pool-2-thread-1] ERROR TestCluster - Failed to check cache for java.util.Map<org.apache.commons.collections4.bidimap.UnmodifiableOrderedBidiMap<java.lang.Object, java.lang.Object>, java.lang.Object> : Unable to instantiate K
[MASTER] 12:29:48.650 [pool-2-thread-1] ERROR TestCluster - Failed to check cache for java.util.Map<org.apache.commons.collections4.bidimap.UnmodifiableSortedBidiMap<java.lang.String, java.lang.Object>, org.apache.commons.collections4.map.FixedSizeSortedMap<java.lang.Object, java.lang.Integer>> : Unable to instantiate K
[MASTER] 12:29:51.729 [pool-2-thread-1] ERROR TestCluster - Failed to check cache for java.util.Map<org.apache.commons.collections4.trie.UnmodifiableTrie<java.lang.Object, java.lang.Object>, org.apache.commons.collections4.map.FixedSizeSortedMap<java.lang.Object, java.lang.Object>> : Unable to instantiate K
[MASTER] 12:29:54.582 [pool-2-thread-1] ERROR TestCluster - Failed to check cache for java.util.Map<java.lang.Integer, java.util.TreeMap<java.lang.Object, java.lang.Object>> : Unable to instantiate K
[MASTER] 12:29:56.135 [pool-2-thread-1] ERROR TestCluster - Failed to check cache for java.util.Map<org.apache.commons.collections4.map.UnmodifiableOrderedMap<java.lang.Object, java.lang.String>, org.apache.commons.collections4.map.SingletonMap<java.lang.String, java.lang.String>> : Unable to instantiate K
[MASTER] 12:29:57.251 [pool-2-thread-1] ERROR TestCluster - Failed to check cache for java.util.Iterator<org.apache.commons.collections4.map.UnmodifiableOrderedMap<java.lang.Object, java.lang.String>> : Unable to instantiate K
[MASTER] 12:29:58.055 [pool-2-thread-1] ERROR TestCluster - Failed to check cache for java.util.Map<org.apache.commons.collections4.bidimap.DualTreeBidiMap<java.lang.String, java.lang.Object>, java.lang.Object> : Unable to instantiate K
[MASTER] 12:30:03.260 [pool-2-thread-1] ERROR TestCluster - Failed to check cache for java.util.Map<org.apache.commons.collections4.trie.PatriciaTrie<java.lang.Object>, org.apache.commons.collections4.trie.PatriciaTrie<java.lang.Object>> : Unable to instantiate K
[MASTER] 12:30:05.504 [pool-2-thread-1] ERROR TestCluster - Failed to check cache for java.util.Map<java.lang.String, java.util.HashMap<java.lang.Object, java.lang.String>> : Unable to instantiate K
[MASTER] 12:30:06.867 [pool-2-thread-1] ERROR TestCluster - Failed to check cache for java.util.Map<java.lang.Object, java.lang.String>.Entry<java.lang.String, java.lang.String> : Unable to instantiate K
[MASTER] 12:30:07.883 [pool-2-thread-1] ERROR TestCluster - Failed to check cache for java.util.Map<org.apache.commons.collections4.map.UnmodifiableSortedMap<java.lang.Object, java.lang.Object>, org.apache.commons.collections4.trie.PatriciaTrie<java.lang.Object>> : Unable to instantiate K
[MASTER] 12:30:10.900 [pool-2-thread-1] ERROR TestCluster - Failed to check cache for java.util.Map<org.apache.commons.collections4.trie.PatriciaTrie<java.lang.Integer>, java.lang.Object> : Unable to instantiate K
[MASTER] 12:30:11.745 [pool-2-thread-1] ERROR TestCluster - Failed to check cache for java.util.Map<org.apache.commons.collections4.map.UnmodifiableOrderedMap<java.lang.Object, java.lang.Object>, org.apache.commons.collections4.map.LinkedMap<java.lang.Object, java.lang.String>> : Unable to instantiate K
[MASTER] 12:30:12.515 [pool-2-thread-1] ERROR TestCluster - Failed to check cache for java.util.Map<org.apache.commons.collections4.map.LinkedMap<java.lang.Object, java.lang.String>, org.apache.commons.collections4.map.UnmodifiableOrderedMap<java.lang.Object, java.lang.Object>> : Unable to instantiate K
[MASTER] 12:30:15.151 [pool-2-thread-1] ERROR TestCluster - Failed to check cache for java.util.Set<java.util.Map.Entry<java.lang.Object, org.apache.commons.collections4.map.LinkedMap<java.lang.String, java.lang.Object>>> : Unable to instantiate K
[MASTER] 12:30:16.723 [pool-2-thread-1] ERROR TestCluster - Failed to check cache for java.util.Map<java.lang.Object, org.apache.commons.collections4.map.UnmodifiableOrderedMap<java.lang.String, java.lang.String>> : Unable to instantiate K
[MASTER] 12:30:20.022 [pool-2-thread-1] ERROR TestCluster - Failed to check cache for java.util.Map<java.lang.String, org.apache.commons.collections4.map.LinkedMap<java.lang.Object, java.lang.String>> : Unable to instantiate V
[MASTER] 12:30:24.855 [pool-2-thread-1] ERROR TestCluster - Failed to check cache for java.util.Map<org.apache.commons.collections4.trie.PatriciaTrie<java.lang.Object>, java.lang.String> : Unable to instantiate V
[MASTER] 12:30:27.200 [pool-2-thread-1] ERROR TestCluster - Failed to check cache for java.util.Map<java.lang.String, java.lang.String> : Unable to instantiate V
[MASTER] 12:30:30.014 [pool-2-thread-1] ERROR TestCluster - Failed to check cache for java.util.Map<org.apache.commons.collections4.map.LRUMap<java.lang.String, java.lang.Object>, java.lang.Integer> : Unable to instantiate V
[MASTER] 12:30:31.674 [pool-2-thread-1] ERROR TestCluster - Failed to check cache for java.util.Map<org.apache.commons.collections4.bidimap.UnmodifiableOrderedBidiMap<java.lang.Object, java.lang.Object>, org.apache.commons.collections4.map.FixedSizeSortedMap<java.lang.String, java.lang.String>> : Unable to instantiate V
[MASTER] 12:30:33.504 [pool-2-thread-1] ERROR TestCluster - Failed to check cache for java.util.Map<org.apache.commons.collections4.bidimap.DualTreeBidiMap<java.lang.Object, java.lang.String>.ViewMap<java.lang.Integer, java.lang.String>, java.lang.Object> : Unable to instantiate V
[MASTER] 12:30:37.065 [pool-2-thread-1] ERROR TestCluster - Failed to check cache for java.util.Map<org.apache.commons.collections4.bidimap.DualTreeBidiMap<java.lang.String, java.lang.Object>.ViewMap<java.lang.Integer, java.lang.Object>, org.apache.commons.collections4.map.UnmodifiableSortedMap<java.lang.String, java.lang.Integer>> : Unable to instantiate V
[MASTER] 12:30:39.215 [pool-2-thread-1] ERROR TestCluster - Failed to check cache for java.util.Map<org.apache.commons.collections4.bidimap.UnmodifiableSortedBidiMap<java.lang.Object, java.lang.Object>, org.apache.commons.collections4.bidimap.UnmodifiableSortedBidiMap<java.lang.Integer, java.lang.Object>> : Unable to instantiate K
[MASTER] 12:30:42.273 [pool-2-thread-1] ERROR TestCluster - Failed to check cache for java.util.Map<org.apache.commons.collections4.bidimap.UnmodifiableSortedBidiMap<java.lang.Object, java.lang.Object>, org.apache.commons.collections4.bidimap.UnmodifiableSortedBidiMap<java.lang.Object, java.lang.Object>> : Unable to instantiate K
[MASTER] 12:30:44.011 [pool-2-thread-1] ERROR TestCluster - Failed to check cache for java.util.Map<org.apache.commons.collections4.map.LRUMap<java.lang.Object, java.lang.Object>, java.util.TreeMap<java.lang.Object, java.lang.Object>> : Unable to instantiate K
[MASTER] 12:30:45.929 [pool-2-thread-1] ERROR TestCluster - Failed to check cache for java.util.Map<org.apache.commons.collections4.bidimap.UnmodifiableOrderedBidiMap<java.lang.String, java.lang.String>, org.apache.commons.collections4.bidimap.DualTreeBidiMap<java.lang.String, java.lang.Object>.ViewMap<java.lang.String, java.lang.String>> : Unable to instantiate K
[MASTER] 12:30:49.218 [pool-2-thread-1] ERROR TestCluster - Failed to check cache for java.util.Map<org.apache.commons.collections4.bidimap.DualTreeBidiMap<java.lang.String, java.lang.Object>, org.apache.commons.collections4.map.FixedSizeSortedMap<java.lang.String, java.lang.String>> : Unable to instantiate K
[MASTER] 12:30:51.001 [pool-2-thread-1] ERROR TestCluster - Failed to check cache for java.util.Map<org.apache.commons.collections4.bidimap.DualTreeBidiMap<java.lang.String, java.lang.Object>, org.apache.commons.collections4.map.FixedSizeSortedMap<java.lang.String, java.lang.Object>> : Unable to instantiate K
[MASTER] 12:30:55.066 [pool-2-thread-1] ERROR TestCluster - Failed to check cache for java.util.Map<org.apache.commons.collections4.bidimap.DualTreeBidiMap<java.lang.Object, java.lang.Integer>, org.apache.commons.collections4.map.LRUMap<java.lang.String, java.lang.Object>> : Unable to instantiate K
[MASTER] 12:30:58.780 [pool-2-thread-1] ERROR TestCluster - Failed to check cache for org.apache.commons.collections4.bidimap.AbstractDualBidiMap<org.apache.commons.collections4.map.LRUMap<java.lang.Object, java.lang.String>, org.apache.commons.collections4.map.SingletonMap<java.lang.String, java.lang.Object>> : Unable to instantiate K
[MASTER] 12:30:59.656 [pool-2-thread-1] ERROR TestCluster - Failed to check cache for java.util.Map<org.apache.commons.collections4.map.SingletonMap<java.lang.String, java.lang.Object>, org.apache.commons.collections4.map.LRUMap<java.lang.Object, java.lang.String>> : Unable to instantiate K
[MASTER] 12:31:01.709 [pool-2-thread-1] ERROR TestCluster - Failed to check cache for java.util.Map<org.apache.commons.collections4.map.LRUMap<java.lang.Object, java.lang.String>, org.apache.commons.collections4.map.SingletonMap<java.lang.String, java.lang.Object>> : Unable to instantiate K
[MASTER] 12:31:05.661 [pool-2-thread-1] ERROR TestCluster - Failed to check cache for java.util.Map<java.util.HashMap<java.lang.Object, java.lang.Object>, java.lang.String> : Unable to instantiate K
[MASTER] 12:31:09.046 [pool-2-thread-1] ERROR TestCluster - Failed to check cache for org.apache.commons.collections4.bidimap.AbstractDualBidiMap<org.apache.commons.collections4.map.SingletonMap<java.lang.String, java.lang.String>, org.apache.commons.collections4.map.SingletonMap<java.lang.Object, java.lang.Object>> : Unable to instantiate K
[MASTER] 12:31:09.771 [pool-2-thread-1] ERROR TestCluster - Failed to check cache for java.util.Map<org.apache.commons.collections4.map.SingletonMap<java.lang.String, java.lang.String>, org.apache.commons.collections4.map.SingletonMap<java.lang.Object, java.lang.Object>> : Unable to instantiate K
[MASTER] 12:31:10.999 [pool-2-thread-1] ERROR TestCluster - Failed to check cache for org.apache.commons.collections4.KeyValue<org.apache.commons.collections4.map.SingletonMap<java.lang.Object, java.lang.Object>, org.apache.commons.collections4.map.SingletonMap<java.lang.Object, java.lang.Object>> : Unable to instantiate K
[MASTER] 12:31:20.087 [pool-2-thread-1] ERROR TestCluster - Failed to check cache for java.util.Map<org.apache.commons.collections4.bidimap.DualTreeBidiMap<java.lang.Object, java.lang.Object>, org.apache.commons.collections4.map.SingletonMap<java.lang.Integer, java.lang.Object>> : Unable to instantiate K
[MASTER] 12:31:21.200 [pool-2-thread-1] ERROR TestCluster - Failed to check cache for org.apache.commons.collections4.bidimap.AbstractDualBidiMap<org.apache.commons.collections4.bidimap.DualTreeBidiMap<java.lang.String, java.lang.String>, org.apache.commons.collections4.bidimap.UnmodifiableSortedBidiMap<java.lang.Object, java.lang.String>> : Unable to instantiate K
[MASTER] 12:31:23.757 [pool-2-thread-1] ERROR TestCluster - Failed to check cache for java.util.Map<org.apache.commons.collections4.bidimap.DualTreeBidiMap<java.lang.Object, java.lang.Object>.ViewMap<java.lang.Integer, java.lang.Object>, java.lang.Integer> : Unable to instantiate K
[MASTER] 12:31:27.813 [pool-2-thread-1] ERROR TestCluster - Failed to check cache for java.util.Map<org.apache.commons.collections4.map.FixedSizeSortedMap<java.lang.String, java.lang.String>, java.lang.Integer> : Unable to instantiate K
[MASTER] 12:31:30.319 [pool-2-thread-1] ERROR TestCluster - Failed to check cache for java.util.Map<org.apache.commons.collections4.map.UnmodifiableOrderedMap<java.lang.Integer, java.lang.String>, java.lang.Integer> : Unable to instantiate K
[MASTER] 12:31:32.195 [pool-2-thread-1] ERROR TestCluster - Failed to check cache for java.util.Map<org.apache.commons.collections4.bidimap.DualTreeBidiMap<java.lang.Integer, java.lang.Object>, org.apache.commons.collections4.map.ListOrderedMap<java.lang.String, java.lang.Object>> : Unable to instantiate K
[MASTER] 12:31:33.423 [pool-2-thread-1] ERROR TestCluster - Failed to check cache for org.apache.commons.collections4.KeyValue<java.lang.Object, java.lang.Object> : Unable to instantiate K
[MASTER] 12:31:35.324 [pool-2-thread-1] ERROR TestCluster - Failed to check cache for java.util.Map<org.apache.commons.collections4.bidimap.DualTreeBidiMap<java.lang.String, java.lang.Object>, org.apache.commons.collections4.bidimap.UnmodifiableSortedBidiMap<java.lang.String, java.lang.Object>> : Unable to instantiate K
[MASTER] 12:31:36.892 [pool-2-thread-1] ERROR TestCluster - Failed to check cache for java.util.Map<org.apache.commons.collections4.map.SingletonMap<java.lang.Integer, java.lang.Object>, org.apache.commons.collections4.map.UnmodifiableOrderedMap<java.lang.Integer, java.lang.String>> : Unable to instantiate K
[MASTER] 12:31:37.652 [pool-2-thread-1] ERROR TestCluster - Failed to check cache for java.util.Map<org.apache.commons.collections4.trie.PatriciaTrie<java.lang.Object>, org.apache.commons.collections4.map.LRUMap<java.lang.Object, java.lang.Integer>> : Unable to instantiate K
[MASTER] 12:31:43.846 [pool-2-thread-1] ERROR TestCluster - Failed to check cache for java.util.Map<java.lang.Integer, org.apache.commons.collections4.map.UnmodifiableSortedMap<java.lang.Object, java.lang.Object>> : Unable to instantiate K
[MASTER] 12:31:45.147 [pool-2-thread-1] ERROR TestCluster - Failed to check cache for java.util.Map<java.lang.Object, java.util.HashMap<java.lang.Object, java.lang.Object>> : Unable to instantiate K
[MASTER] 12:31:47.569 [pool-2-thread-1] ERROR TestCluster - Failed to check cache for java.util.Map<org.apache.commons.collections4.map.UnmodifiableSortedMap<java.lang.Integer, java.lang.String>, java.lang.String> : Unable to instantiate K
[MASTER] 12:31:50.426 [pool-2-thread-1] ERROR TestCluster - Failed to check cache for java.util.SortedMap<java.lang.String, org.apache.commons.collections4.map.SingletonMap<java.lang.String, java.lang.Object>> : Unable to instantiate K
[MASTER] 12:31:51.500 [pool-2-thread-1] ERROR TestCluster - Failed to check cache for org.apache.commons.collections4.bidimap.AbstractDualBidiMap<java.lang.String, java.lang.String> : Unable to instantiate K
[MASTER] 12:31:54.104 [pool-2-thread-1] ERROR TestCluster - Failed to check cache for java.util.Map<org.apache.commons.collections4.map.SingletonMap<java.lang.String, java.lang.String>, org.apache.commons.collections4.trie.PatriciaTrie<java.lang.String>> : Unable to instantiate K
[MASTER] 12:31:55.478 [pool-2-thread-1] ERROR TestCluster - Failed to check cache for java.util.Map<org.apache.commons.collections4.bidimap.UnmodifiableOrderedBidiMap<java.lang.Object, java.lang.Object>, org.apache.commons.collections4.bidimap.UnmodifiableSortedBidiMap<java.lang.String, java.lang.Object>> : Unable to instantiate K
[MASTER] 12:31:57.703 [pool-2-thread-1] ERROR TestCluster - Failed to check cache for java.util.Map<org.apache.commons.collections4.bidimap.DualTreeBidiMap<java.lang.Object, java.lang.Object>.ViewMap<java.lang.Integer, java.lang.String>, java.lang.String> : Unable to instantiate K
[MASTER] 12:31:58.337 [pool-2-thread-1] ERROR TestCluster - Failed to check cache for java.util.Map<org.apache.commons.collections4.bidimap.DualTreeBidiMap<java.lang.Integer, java.lang.Object>.ViewMap<java.lang.Object, java.lang.Integer>, org.apache.commons.collections4.bidimap.DualTreeBidiMap<java.lang.String, java.lang.Object>> : Unable to instantiate K
[MASTER] 12:31:59.944 [pool-2-thread-1] ERROR TestCluster - Failed to check cache for java.util.Map<org.apache.commons.collections4.map.LRUMap<java.lang.String, java.lang.Object>, org.apache.commons.collections4.map.UnmodifiableOrderedMap<java.lang.String, java.lang.Integer>> : Unable to instantiate K
[MASTER] 12:32:01.894 [pool-2-thread-1] ERROR TestCluster - Failed to check cache for java.util.Map<org.apache.commons.collections4.map.LRUMap<java.lang.String, java.lang.Integer>, java.util.TreeMap<java.lang.Integer, java.lang.Object>> : Unable to instantiate K
[MASTER] 12:32:02.924 [pool-2-thread-1] ERROR TestCluster - Failed to check cache for java.util.Map<org.apache.commons.collections4.map.UnmodifiableOrderedMap<java.lang.String, java.lang.String>, org.apache.commons.collections4.map.UnmodifiableOrderedMap<java.lang.Object, java.lang.String>> : Unable to instantiate K
[MASTER] 12:32:04.392 [pool-2-thread-1] ERROR TestCluster - Failed to check cache for org.apache.commons.collections4.BidiMap<org.apache.commons.collections4.map.UnmodifiableOrderedMap<java.lang.Integer, java.lang.Object>, org.apache.commons.collections4.map.UnmodifiableOrderedMap<java.lang.Object, java.lang.Object>> : Unable to instantiate K
[MASTER] 12:32:05.462 [pool-2-thread-1] ERROR TestCluster - Failed to check cache for java.util.Map<org.apache.commons.collections4.map.UnmodifiableOrderedMap<java.lang.Integer, java.lang.Object>, org.apache.commons.collections4.map.UnmodifiableOrderedMap<java.lang.Object, java.lang.Object>> : Unable to instantiate K
[MASTER] 12:32:07.292 [pool-2-thread-1] ERROR TestCluster - Failed to check cache for java.util.Map<org.apache.commons.collections4.trie.PatriciaTrie<java.lang.Object>, org.apache.commons.collections4.map.FixedSizeSortedMap<java.lang.Object, java.lang.Object>> : Unable to instantiate K
