* Starting client
* Connecting to master process on port 8739
* Analyzing classpath: 
  - D:\myProjects\courseProgram\commons-collections4-4.3-src\target\test-classes
  - D:\myProjects\courseProgram\commons-collections4-4.3-src\target\classes
  - D:\maven\LocalWare\org\easymock\easymock\4.0.2\easymock-4.0.2.jar
  - D:\maven\LocalWare\org\apache\commons\commons-lang3\3.8.1\commons-lang3-3.8.1.jar
  - D:\maven\LocalWare\org\hamcrest\hamcrest-core\1.3\hamcrest-core-1.3.jar
  - D:\maven\LocalWare\org\objenesis\objenesis\3.0.1\objenesis-3.0.1.jar
  - D:\maven\LocalWare\junit\junit\4.12\junit-4.12.jar
* Finished analyzing classpath
* Generating tests for class org.apache.commons.collections4.iterators.LoopingListIterator
* Test criteria:
  - Line Coverage
  - Branch Coverage
  - Exception
  - Mutation testing (weak)
  - Method-Output Coverage
  - Top-Level Method Coverage
  - No-Exception Top-Level Method Coverage
  - Context Branch Coverage
* Setting up search algorithm for whole suite generation
[MASTER] 11:30:38.773 [pool-2-thread-1] WARN  TestSuiteSerialization - Cannot load tests because file does not exist: D:\myProjects\courseProgram\commons-collections4-4.3-src\.evosuite\evosuite-seeds\org.apache.commons.collections4.iterators.LoopingListIterator.seed
* Loaded 0 tests from D:\myProjects\courseProgram\commons-collections4-4.3-src\.evosuite\evosuite-seeds\org.apache.commons.collections4.iterators.LoopingListIterator.seed
* Total number of test goals: 
  - Line 43
  - Branch 42
  - Exception 0
  - MutationFactory 55
  - Output 17
  - Method 12
  - MethodNoException 12
  - CBranchFitnessFactory 42
* Using seed 1556335835963
* Starting evolution
* Search finished after 91s and 16 generations, 4909 statements, best individual has fitness: 6.083333333333334
* Writing sequences to pool
* Minimizing test suite
* Going to analyze the coverage criteria
* Coverage analysis for criterion LINE
* Coverage of criterion LINE: 100%
* Total number of goals: 43
* Number of covered goals: 43
* Coverage analysis for criterion BRANCH
* Coverage of criterion BRANCH: 100%
* Total number of goals: 42
* Number of covered goals: 42
* Coverage analysis for criterion EXCEPTION
* Coverage of criterion EXCEPTION: 100%
* Total number of goals: 11
* Number of covered goals: 11
* Coverage analysis for criterion WEAKMUTATION
* Coverage of criterion WEAKMUTATION: 89%
* Total number of goals: 55
* Number of covered goals: 49
* Coverage analysis for criterion OUTPUT
* Coverage of criterion OUTPUT: 82%
* Total number of goals: 17
* Number of covered goals: 14
* Coverage analysis for criterion METHOD
* Coverage of criterion METHOD: 100%
* Total number of goals: 12
* Number of covered goals: 12
* Coverage analysis for criterion METHODNOEXCEPTION
* Coverage of criterion METHODNOEXCEPTION: 100%
* Total number of goals: 12
* Number of covered goals: 12
* Coverage analysis for criterion CBRANCH
* Coverage of criterion CBRANCH: 100%
* Total number of goals: 42
* Number of covered goals: 42
* Generated 27 tests with total length 108
* Resulting test suite's coverage: 96% (average coverage for all fitness functions)
* Generating assertions
* Resulting test suite's mutation score: 67%
* Compiling and checking tests
* Writing JUnit test case 'LoopingListIterator_ESTest' to D:\myProjects\courseProgram\commons-collections4-4.3-src\.evosuite\tmp_2019_04_27_10_09_58\tests
* Done!

