* Starting client
* Connecting to master process on port 7088
* Analyzing classpath: 
  - D:\myProjects\courseProgram\commons-collections4-4.3-src\target\test-classes
  - D:\myProjects\courseProgram\commons-collections4-4.3-src\target\classes
  - D:\maven\LocalWare\org\easymock\easymock\4.0.2\easymock-4.0.2.jar
  - D:\maven\LocalWare\org\apache\commons\commons-lang3\3.8.1\commons-lang3-3.8.1.jar
  - D:\maven\LocalWare\org\hamcrest\hamcrest-core\1.3\hamcrest-core-1.3.jar
  - D:\maven\LocalWare\org\objenesis\objenesis\3.0.1\objenesis-3.0.1.jar
  - D:\maven\LocalWare\junit\junit\4.12\junit-4.12.jar
* Finished analyzing classpath
* Generating tests for class org.apache.commons.collections4.trie.AbstractPatriciaTrie
* Test criteria:
  - Line Coverage
  - Branch Coverage
  - Exception
  - Mutation testing (weak)
  - Method-Output Coverage
  - Top-Level Method Coverage
  - No-Exception Top-Level Method Coverage
  - Context Branch Coverage
* Setting up search algorithm for whole suite generation
[MASTER] 10:22:25.800 [pool-2-thread-1] WARN  TestSuiteSerialization - Cannot load tests because file does not exist: D:\myProjects\courseProgram\commons-collections4-4.3-src\.evosuite\evosuite-seeds\org.apache.commons.collections4.trie.AbstractPatriciaTrie.seed
* Loaded 0 tests from D:\myProjects\courseProgram\commons-collections4-4.3-src\.evosuite\evosuite-seeds\org.apache.commons.collections4.trie.AbstractPatriciaTrie.seed
* Total number of test goals: 
  - Line 828
  - Branch 608
  - Exception 0
  - MutationFactory 566
  - Output 186
  - Method 117
  - MethodNoException 117
  - CBranchFitnessFactory 608
* Using seed 1556331741394
* Starting evolution
* Search finished after 641s and 74 generations, 51963 statements, best individual has fitness: 2643.4380751964086
* Writing sequences to pool
* Minimizing test suite
* Going to analyze the coverage criteria
* Coverage analysis for criterion LINE
* Coverage of criterion LINE: 51%
* Total number of goals: 828
* Number of covered goals: 424
* Coverage analysis for criterion BRANCH
* Coverage of criterion BRANCH: 44%
* Total number of goals: 608
* Number of covered goals: 269
* Coverage analysis for criterion EXCEPTION
* Coverage of criterion EXCEPTION: 100%
* Total number of goals: 23
* Number of covered goals: 23
* Coverage analysis for criterion WEAKMUTATION
* Coverage of criterion WEAKMUTATION: 52%
* Total number of goals: 566
* Number of covered goals: 293
* Coverage analysis for criterion OUTPUT
* Coverage of criterion OUTPUT: 53%
* Total number of goals: 186
* Number of covered goals: 98
* Coverage analysis for criterion METHOD
* Coverage of criterion METHOD: 40%
* Total number of goals: 117
* Number of covered goals: 47
* Coverage analysis for criterion METHODNOEXCEPTION
* Coverage of criterion METHODNOEXCEPTION: 39%
* Total number of goals: 117
* Number of covered goals: 46
* Coverage analysis for criterion CBRANCH
* Coverage of criterion CBRANCH: 39%
* Total number of goals: 608
* Number of covered goals: 240
* Generated 128 tests with total length 435
* Resulting test suite's coverage: 52% (average coverage for all fitness functions)
* Generating assertions
[MASTER] 10:34:42.870 [pool-2-thread-1] WARN  SimpleMutationAssertionGenerator - Reached maximum time to generate assertions, aborting assertion generation
* Resulting test suite's mutation score: 10%
* Compiling and checking tests
* Permissions denied during test execution: 
  - java.lang.RuntimePermission: 
         writeFileDescriptor: 2
* Writing JUnit test case 'AbstractPatriciaTrie_ESTest' to D:\myProjects\courseProgram\commons-collections4-4.3-src\.evosuite\tmp_2019_04_27_10_09_58\tests
* Done!

