[MASTER] 12:06:49.362 [pool-2-thread-1] ERROR TestCluster - Failed to check cache for java.util.AbstractMap<K, V>.SimpleEntry<K, V> : Type points to itself
[MASTER] 12:06:49.362 [pool-2-thread-1] ERROR TestCluster - Failed to check cache for java.util.AbstractMap<K, V>.SimpleImmutableEntry<K, V> : Type points to itself
[MASTER] 12:06:49.362 [pool-2-thread-1] ERROR TestCluster - Failed to check cache for java.util.HashMap<K, V> : Type points to itself
[MASTER] 12:06:49.364 [pool-2-thread-1] ERROR TestCluster - Failed to check cache for org.apache.commons.collections4.Transformer<I, O> : Type points to itself
[MASTER] 12:07:01.659 [pool-2-thread-1] ERROR TestCluster - Failed to check cache for java.util.Comparator<T> : Type points to itself
[MASTER] 12:07:13.464 [pool-2-thread-1] ERROR TestCluster - Failed to check cache for org.apache.commons.collections4.Closure<T> : Type points to itself
[MASTER] 12:07:53.218 [pool-2-thread-1] ERROR JUnitAnalyzer - Compilation failed on compilation units: [RegularFileObject[C:\Users\Dell\AppData\Local\Temp\EvoSuite_0_1556338070624\org\apache\commons\collections4\map\PredicatedMap_0_tmp__ESTest.java], RegularFileObject[C:\Users\Dell\AppData\Local\Temp\EvoSuite_0_1556338070624\org\apache\commons\collections4\map\PredicatedMap_0_tmp__ESTest_scaffolding.java]]
[MASTER] 12:07:53.218 [pool-2-thread-1] ERROR JUnitAnalyzer - Classpath: D:\myProjects\courseProgram\commons-collections4-4.3-src\target\test-classes;D:\myProjects\courseProgram\commons-collections4-4.3-src\target\classes;D:\maven\LocalWare\org\evosuite\evosuite-standalone-runtime\1.0.6\evosuite-standalone-runtime-1.0.6.jar;D:\maven\LocalWare\org\easymock\easymock\4.0.2\easymock-4.0.2.jar;D:\maven\LocalWare\org\apache\commons\commons-lang3\3.8.1\commons-lang3-3.8.1.jar;D:\maven\LocalWare\org\hamcrest\hamcrest-core\1.3\hamcrest-core-1.3.jar;D:\maven\LocalWare\org\objenesis\objenesis\3.0.1\objenesis-3.0.1.jar;D:\maven\LocalWare\junit\junit\4.12\junit-4.12.jar;D:\myProjects\courseProgram\commons-collections4-4.3-src\target\test-classes;D:\myProjects\courseProgram\commons-collections4-4.3-src\target\classes;D:\maven\LocalWare\org\evosuite\evosuite-standalone-runtime\1.0.6\evosuite-standalone-runtime-1.0.6.jar;D:\maven\LocalWare\org\easymock\easymock\4.0.2\easymock-4.0.2.jar;D:\maven\LocalWare\org\apache\commons\commons-lang3\3.8.1\commons-lang3-3.8.1.jar;D:\maven\LocalWare\org\hamcrest\hamcrest-core\1.3\hamcrest-core-1.3.jar;D:\maven\LocalWare\org\objenesis\objenesis\3.0.1\objenesis-3.0.1.jar;D:\maven\LocalWare\junit\junit\4.12\junit-4.12.jar;D:\maven\LocalWare\org\evosuite\evosuite-master\1.0.6\evosuite-master-1.0.6.jar;D:\maven\LocalWare\org\evosuite\evosuite-client\1.0.6\evosuite-client-1.0.6-tests.jar;D:\maven\LocalWare\org\evosuite\evosuite-runtime\1.0.6\evosuite-runtime-1.0.6.jar;D:\maven\LocalWare\javax\ejb\javax.ejb-api\3.2\javax.ejb-api-3.2.jar;D:\maven\LocalWare\javax\transaction\javax.transaction-api\1.2\javax.transaction-api-1.2.jar;D:\maven\LocalWare\javax\faces\javax.faces-api\2.2\javax.faces-api-2.2.jar;D:\maven\LocalWare\javax\ws\rs\jsr311-api\1.1.1\jsr311-api-1.1.1.jar;D:\maven\LocalWare\org\hsqldb\hsqldb\2.4.0\hsqldb-2.4.0.jar;D:\maven\LocalWare\org\springframework\spring-orm\4.3.14.RELEASE\spring-orm-4.3.14.RELEASE.jar;D:\maven\LocalWare\org\springframework\spring-beans\4.3.14.RELEASE\spring-beans-4.3.14.RELEASE.jar;D:\maven\LocalWare\org\springframework\spring-core\4.3.14.RELEASE\spring-core-4.3.14.RELEASE.jar;D:\maven\LocalWare\org\springframework\spring-jdbc\4.3.14.RELEASE\spring-jdbc-4.3.14.RELEASE.jar;D:\maven\LocalWare\org\springframework\spring-tx\4.3.14.RELEASE\spring-tx-4.3.14.RELEASE.jar;D:\maven\LocalWare\org\springframework\spring-context\4.3.14.RELEASE\spring-context-4.3.14.RELEASE.jar;D:\maven\LocalWare\org\springframework\spring-aop\4.3.14.RELEASE\spring-aop-4.3.14.RELEASE.jar;D:\maven\LocalWare\org\springframework\spring-expression\4.3.14.RELEASE\spring-expression-4.3.14.RELEASE.jar;D:\maven\LocalWare\junit\junit\4.12\junit-4.12.jar;D:\maven\LocalWare\org\hamcrest\hamcrest-core\1.3\hamcrest-core-1.3.jar;D:\maven\LocalWare\org\mockito\mockito-core\2.16.0\mockito-core-2.16.0.jar;D:\maven\LocalWare\net\bytebuddy\byte-buddy\1.7.9\byte-buddy-1.7.9.jar;D:\maven\LocalWare\net\bytebuddy\byte-buddy-agent\1.7.9\byte-buddy-agent-1.7.9.jar;D:\maven\LocalWare\org\objenesis\objenesis\2.6\objenesis-2.6.jar;D:\maven\LocalWare\org\slf4j\slf4j-api\1.7.22\slf4j-api-1.7.22.jar;D:\maven\LocalWare\org\ow2\asm\asm\6.0\asm-6.0.jar;D:\maven\LocalWare\org\ow2\asm\asm-commons\6.0\asm-commons-6.0.jar;D:\maven\LocalWare\org\ow2\asm\asm-tree\6.0\asm-tree-6.0.jar;D:\maven\LocalWare\org\ow2\asm\asm-analysis\6.0\asm-analysis-6.0.jar;D:\maven\LocalWare\org\ow2\asm\asm-util\6.0\asm-util-6.0.jar;D:\maven\LocalWare\javax\xml\bind\jaxb-api\2.3.0\jaxb-api-2.3.0.jar;D:\maven\LocalWare\com\opencsv\opencsv\4.1\opencsv-4.1.jar;D:\maven\LocalWare\org\apache\commons\commons-text\1.1\commons-text-1.1.jar;D:\maven\LocalWare\commons-beanutils\commons-beanutils\1.9.3\commons-beanutils-1.9.3.jar;D:\maven\LocalWare\commons-logging\commons-logging\1.2\commons-logging-1.2.jar;D:\maven\LocalWare\commons-collections\commons-collections\3.2.2\commons-collections-3.2.2.jar;D:\maven\LocalWare\dk\brics\automaton\automaton\1.11-8\automaton-1.11-8.jar;D:\maven\LocalWare\ch\qos\logback\logback-classic\1.1.3\logback-classic-1.1.3.jar;D:\maven\LocalWare\ch\qos\logback\logback-core\1.1.3\logback-core-1.1.3.jar;D:\maven\LocalWare\com\googlecode\gentyref\gentyref\1.2.0\gentyref-1.2.0.jar;D:\maven\LocalWare\net\sf\jgrapht\jgrapht\0.8.3\jgrapht-0.8.3.jar;D:\maven\LocalWare\com\thoughtworks\xstream\xstream\1.4.10\xstream-1.4.10.jar;D:\maven\LocalWare\xmlpull\xmlpull\1.1.3.1\xmlpull-1.1.3.1.jar;D:\maven\LocalWare\xpp3\xpp3_min\1.1.4c\xpp3_min-1.1.4c.jar;D:\maven\LocalWare\org\apache\commons\commons-lang3\3.7\commons-lang3-3.7.jar;D:\maven\LocalWare\commons-io\commons-io\2.6\commons-io-2.6.jar;D:\maven\LocalWare\commons-cli\commons-cli\1.4\commons-cli-1.4.jar;D:\maven\LocalWare\org\kohsuke\graphviz-api\1.1\graphviz-api-1.1.jar;D:\maven\LocalWare\oro\oro\2.0.8\oro-2.0.8.jar;D:\maven\LocalWare\org\apache\commons\commons-exec\1.3\commons-exec-1.3.jar;D:\maven\LocalWare\org\jboss\spec\javax\servlet\jboss-servlet-api_3.1_spec\1.0.2.Final\jboss-servlet-api_3.1_spec-1.0.2.Final.jar;D:\maven\LocalWare\javax\inject\javax.inject\1\javax.inject-1.jar;D:\maven\LocalWare\javax\enterprise\cdi-api\1.2\cdi-api-1.2.jar;D:\maven\LocalWare\javax\el\javax.el-api\3.0.0\javax.el-api-3.0.0.jar;D:\maven\LocalWare\javax\interceptor\javax.interceptor-api\1.2\javax.interceptor-api-1.2.jar;D:\maven\LocalWare\org\hibernate\hibernate-core\5.2.13.Final\hibernate-core-5.2.13.Final.jar;D:\maven\LocalWare\org\jboss\logging\jboss-logging\3.3.1.Final\jboss-logging-3.3.1.Final.jar;D:\maven\LocalWare\org\hibernate\javax\persistence\hibernate-jpa-2.1-api\1.0.0.Final\hibernate-jpa-2.1-api-1.0.0.Final.jar;D:\maven\LocalWare\org\javassist\javassist\3.22.0-GA\javassist-3.22.0-GA.jar;D:\maven\LocalWare\antlr\antlr\2.7.7\antlr-2.7.7.jar;D:\maven\LocalWare\org\jboss\spec\javax\transaction\jboss-transaction-api_1.2_spec\1.0.1.Final\jboss-transaction-api_1.2_spec-1.0.1.Final.jar;D:\maven\LocalWare\org\jboss\jandex\2.0.3.Final\jandex-2.0.3.Final.jar;D:\maven\LocalWare\com\fasterxml\classmate\1.3.0\classmate-1.3.0.jar;D:\maven\LocalWare\dom4j\dom4j\1.6.1\dom4j-1.6.1.jar;D:\maven\LocalWare\org\hibernate\common\hibernate-commons-annotations\5.0.1.Final\hibernate-commons-annotations-5.0.1.Final.jar;D:\maven\LocalWare\com\google\code\findbugs\jsr305\2.0.1\jsr305-2.0.1.jar;D:\myProjects\courseProgram\commons-collections4-4.3-src\target\test-classes;D:\myProjects\courseProgram\commons-collections4-4.3-src\target\classes;D:\maven\LocalWare\org\evosuite\evosuite-standalone-runtime\1.0.6\evosuite-standalone-runtime-1.0.6.jar;D:\maven\LocalWare\org\easymock\easymock\4.0.2\easymock-4.0.2.jar;D:\maven\LocalWare\org\apache\commons\commons-lang3\3.8.1\commons-lang3-3.8.1.jar;D:\maven\LocalWare\org\hamcrest\hamcrest-core\1.3\hamcrest-core-1.3.jar;D:\maven\LocalWare\org\objenesis\objenesis\3.0.1\objenesis-3.0.1.jar;D:\maven\LocalWare\junit\junit\4.12\junit-4.12.jar
[MASTER] 12:07:53.219 [pool-2-thread-1] ERROR JUnitAnalyzer - evosuiteCP: D:\myProjects\courseProgram\commons-collections4-4.3-src\target\test-classes;D:\myProjects\courseProgram\commons-collections4-4.3-src\target\classes;D:\maven\LocalWare\org\evosuite\evosuite-standalone-runtime\1.0.6\evosuite-standalone-runtime-1.0.6.jar;D:\maven\LocalWare\org\easymock\easymock\4.0.2\easymock-4.0.2.jar;D:\maven\LocalWare\org\apache\commons\commons-lang3\3.8.1\commons-lang3-3.8.1.jar;D:\maven\LocalWare\org\hamcrest\hamcrest-core\1.3\hamcrest-core-1.3.jar;D:\maven\LocalWare\org\objenesis\objenesis\3.0.1\objenesis-3.0.1.jar;D:\maven\LocalWare\junit\junit\4.12\junit-4.12.jar;D:\maven\LocalWare\org\evosuite\evosuite-master\1.0.6\evosuite-master-1.0.6.jar;D:\maven\LocalWare\org\evosuite\evosuite-client\1.0.6\evosuite-client-1.0.6-tests.jar;D:\maven\LocalWare\org\evosuite\evosuite-runtime\1.0.6\evosuite-runtime-1.0.6.jar;D:\maven\LocalWare\javax\ejb\javax.ejb-api\3.2\javax.ejb-api-3.2.jar;D:\maven\LocalWare\javax\transaction\javax.transaction-api\1.2\javax.transaction-api-1.2.jar;D:\maven\LocalWare\javax\faces\javax.faces-api\2.2\javax.faces-api-2.2.jar;D:\maven\LocalWare\javax\ws\rs\jsr311-api\1.1.1\jsr311-api-1.1.1.jar;D:\maven\LocalWare\org\hsqldb\hsqldb\2.4.0\hsqldb-2.4.0.jar;D:\maven\LocalWare\org\springframework\spring-orm\4.3.14.RELEASE\spring-orm-4.3.14.RELEASE.jar;D:\maven\LocalWare\org\springframework\spring-beans\4.3.14.RELEASE\spring-beans-4.3.14.RELEASE.jar;D:\maven\LocalWare\org\springframework\spring-core\4.3.14.RELEASE\spring-core-4.3.14.RELEASE.jar;D:\maven\LocalWare\org\springframework\spring-jdbc\4.3.14.RELEASE\spring-jdbc-4.3.14.RELEASE.jar;D:\maven\LocalWare\org\springframework\spring-tx\4.3.14.RELEASE\spring-tx-4.3.14.RELEASE.jar;D:\maven\LocalWare\org\springframework\spring-context\4.3.14.RELEASE\spring-context-4.3.14.RELEASE.jar;D:\maven\LocalWare\org\springframework\spring-aop\4.3.14.RELEASE\spring-aop-4.3.14.RELEASE.jar;D:\maven\LocalWare\org\springframework\spring-expression\4.3.14.RELEASE\spring-expression-4.3.14.RELEASE.jar;D:\maven\LocalWare\junit\junit\4.12\junit-4.12.jar;D:\maven\LocalWare\org\hamcrest\hamcrest-core\1.3\hamcrest-core-1.3.jar;D:\maven\LocalWare\org\mockito\mockito-core\2.16.0\mockito-core-2.16.0.jar;D:\maven\LocalWare\net\bytebuddy\byte-buddy\1.7.9\byte-buddy-1.7.9.jar;D:\maven\LocalWare\net\bytebuddy\byte-buddy-agent\1.7.9\byte-buddy-agent-1.7.9.jar;D:\maven\LocalWare\org\objenesis\objenesis\2.6\objenesis-2.6.jar;D:\maven\LocalWare\org\slf4j\slf4j-api\1.7.22\slf4j-api-1.7.22.jar;D:\maven\LocalWare\org\ow2\asm\asm\6.0\asm-6.0.jar;D:\maven\LocalWare\org\ow2\asm\asm-commons\6.0\asm-commons-6.0.jar;D:\maven\LocalWare\org\ow2\asm\asm-tree\6.0\asm-tree-6.0.jar;D:\maven\LocalWare\org\ow2\asm\asm-analysis\6.0\asm-analysis-6.0.jar;D:\maven\LocalWare\org\ow2\asm\asm-util\6.0\asm-util-6.0.jar;D:\maven\LocalWare\javax\xml\bind\jaxb-api\2.3.0\jaxb-api-2.3.0.jar;D:\maven\LocalWare\com\opencsv\opencsv\4.1\opencsv-4.1.jar;D:\maven\LocalWare\org\apache\commons\commons-text\1.1\commons-text-1.1.jar;D:\maven\LocalWare\commons-beanutils\commons-beanutils\1.9.3\commons-beanutils-1.9.3.jar;D:\maven\LocalWare\commons-logging\commons-logging\1.2\commons-logging-1.2.jar;D:\maven\LocalWare\commons-collections\commons-collections\3.2.2\commons-collections-3.2.2.jar;D:\maven\LocalWare\dk\brics\automaton\automaton\1.11-8\automaton-1.11-8.jar;D:\maven\LocalWare\ch\qos\logback\logback-classic\1.1.3\logback-classic-1.1.3.jar;D:\maven\LocalWare\ch\qos\logback\logback-core\1.1.3\logback-core-1.1.3.jar;D:\maven\LocalWare\com\googlecode\gentyref\gentyref\1.2.0\gentyref-1.2.0.jar;D:\maven\LocalWare\net\sf\jgrapht\jgrapht\0.8.3\jgrapht-0.8.3.jar;D:\maven\LocalWare\com\thoughtworks\xstream\xstream\1.4.10\xstream-1.4.10.jar;D:\maven\LocalWare\xmlpull\xmlpull\1.1.3.1\xmlpull-1.1.3.1.jar;D:\maven\LocalWare\xpp3\xpp3_min\1.1.4c\xpp3_min-1.1.4c.jar;D:\maven\LocalWare\org\apache\commons\commons-lang3\3.7\commons-lang3-3.7.jar;D:\maven\LocalWare\commons-io\commons-io\2.6\commons-io-2.6.jar;D:\maven\LocalWare\commons-cli\commons-cli\1.4\commons-cli-1.4.jar;D:\maven\LocalWare\org\kohsuke\graphviz-api\1.1\graphviz-api-1.1.jar;D:\maven\LocalWare\oro\oro\2.0.8\oro-2.0.8.jar;D:\maven\LocalWare\org\apache\commons\commons-exec\1.3\commons-exec-1.3.jar;D:\maven\LocalWare\org\jboss\spec\javax\servlet\jboss-servlet-api_3.1_spec\1.0.2.Final\jboss-servlet-api_3.1_spec-1.0.2.Final.jar;D:\maven\LocalWare\javax\inject\javax.inject\1\javax.inject-1.jar;D:\maven\LocalWare\javax\enterprise\cdi-api\1.2\cdi-api-1.2.jar;D:\maven\LocalWare\javax\el\javax.el-api\3.0.0\javax.el-api-3.0.0.jar;D:\maven\LocalWare\javax\interceptor\javax.interceptor-api\1.2\javax.interceptor-api-1.2.jar;D:\maven\LocalWare\org\hibernate\hibernate-core\5.2.13.Final\hibernate-core-5.2.13.Final.jar;D:\maven\LocalWare\org\jboss\logging\jboss-logging\3.3.1.Final\jboss-logging-3.3.1.Final.jar;D:\maven\LocalWare\org\hibernate\javax\persistence\hibernate-jpa-2.1-api\1.0.0.Final\hibernate-jpa-2.1-api-1.0.0.Final.jar;D:\maven\LocalWare\org\javassist\javassist\3.22.0-GA\javassist-3.22.0-GA.jar;D:\maven\LocalWare\antlr\antlr\2.7.7\antlr-2.7.7.jar;D:\maven\LocalWare\org\jboss\spec\javax\transaction\jboss-transaction-api_1.2_spec\1.0.1.Final\jboss-transaction-api_1.2_spec-1.0.1.Final.jar;D:\maven\LocalWare\org\jboss\jandex\2.0.3.Final\jandex-2.0.3.Final.jar;D:\maven\LocalWare\com\fasterxml\classmate\1.3.0\classmate-1.3.0.jar;D:\maven\LocalWare\dom4j\dom4j\1.6.1\dom4j-1.6.1.jar;D:\maven\LocalWare\org\hibernate\common\hibernate-commons-annotations\5.0.1.Final\hibernate-commons-annotations-5.0.1.Final.jar;D:\maven\LocalWare\com\google\code\findbugs\jsr305\2.0.1\jsr305-2.0.1.jar;D:\myProjects\courseProgram\commons-collections4-4.3-src\target\test-classes;D:\myProjects\courseProgram\commons-collections4-4.3-src\target\classes;D:\maven\LocalWare\org\evosuite\evosuite-standalone-runtime\1.0.6\evosuite-standalone-runtime-1.0.6.jar;D:\maven\LocalWare\org\easymock\easymock\4.0.2\easymock-4.0.2.jar;D:\maven\LocalWare\org\apache\commons\commons-lang3\3.8.1\commons-lang3-3.8.1.jar;D:\maven\LocalWare\org\hamcrest\hamcrest-core\1.3\hamcrest-core-1.3.jar;D:\maven\LocalWare\org\objenesis\objenesis\3.0.1\objenesis-3.0.1.jar;D:\maven\LocalWare\junit\junit\4.12\junit-4.12.jar
[MASTER] 12:07:53.232 [pool-2-thread-1] ERROR JUnitAnalyzer - Diagnostic: incompatible types: org.apache.commons.collections4.map.PredicatedMap<java.lang.Boolean,java.util.AbstractMap.SimpleImmutableEntry<java.lang.String,java.lang.Object>> cannot be converted to java.util.Map<java.lang.String,java.util.AbstractMap.SimpleImmutableEntry<org.apache.commons.collections4.Closure<java.lang.Object>,org.apache.commons.collections4.Closure>>: 45
[MASTER] 12:07:53.232 [pool-2-thread-1] ERROR JUnitAnalyzer - Diagnostic: C:\Users\Dell\AppData\Local\Temp\EvoSuite_0_1556338070624\org\apache\commons\collections4\map\PredicatedMap_0_tmp__ESTest.java uses unchecked or unsafe operations.: -1
[MASTER] 12:07:53.232 [pool-2-thread-1] ERROR JUnitAnalyzer - Diagnostic: Recompile with -Xlint:unchecked for details.: -1
[MASTER] 12:07:53.242 [pool-2-thread-1] ERROR JUnitAnalyzer - RegularFileObject[C:\Users\Dell\AppData\Local\Temp\EvoSuite_0_1556338070624\org\apache\commons\collections4\map\PredicatedMap_0_tmp__ESTest.java]
1: /*
2:  * This file was automatically generated by EvoSuite
3:  * Sat Apr 27 04:07:50 GMT 2019
4:  */
5: 
6: package org.apache.commons.collections4.map;
7: 
8: import org.junit.Test;
9: import static org.junit.Assert.*;
10: import static org.evosuite.shaded.org.mockito.Mockito.*;
11: import static org.evosuite.runtime.EvoAssertions.*;
12: import java.util.AbstractMap;
13: import java.util.Comparator;
14: import java.util.HashMap;
15: import java.util.Map;
16: import org.apache.commons.collections4.Closure;
17: import org.apache.commons.collections4.Predicate;
18: import org.apache.commons.collections4.functors.ComparatorPredicate;
19: import org.apache.commons.collections4.functors.NullIsExceptionPredicate;
20: import org.apache.commons.collections4.functors.PredicateTransformer;
21: import org.apache.commons.collections4.map.PredicatedMap;
22: import org.evosuite.runtime.EvoRunner;
23: import org.evosuite.runtime.EvoRunnerParameters;
24: import org.evosuite.runtime.ViolatedAssumptionAnswer;
25: import org.junit.runner.RunWith;
26: 
27: @RunWith(EvoRunner.class) @EvoRunnerParameters(mockJVMNonDeterminism = true, useVFS = true, useVNET = true, resetStaticState = true, useJEE = true) 
28: public class PredicatedMap_0_tmp__ESTest extends PredicatedMap_0_tmp__ESTest_scaffolding {
29: 
30:   @Test(timeout = 4000)
31:   public void test0()  throws Throwable  {
32:       HashMap<Boolean, AbstractMap.SimpleImmutableEntry<String, Object>> hashMap0 = new HashMap<Boolean, AbstractMap.SimpleImmutableEntry<String, Object>>();
33:       Comparator<Object> comparator0 = (Comparator<Object>) mock(Comparator.class, new ViolatedAssumptionAnswer());
34:       doReturn((-3281)).when(comparator0).compare(any() , any());
35:       Predicate<Object> predicate0 = ComparatorPredicate.comparatorPredicate((Object) "org.apache.commons.collections4.map.PredicatedMap", comparator0);
36:       PredicateTransformer<Integer> predicateTransformer0 = new PredicateTransformer<Integer>(predicate0);
37:       Integer integer0 = new Integer(2169);
38:       Boolean boolean0 = predicateTransformer0.transform(integer0);
39:       AbstractMap.SimpleImmutableEntry<String, Object> abstractMap_SimpleImmutableEntry0 = new AbstractMap.SimpleImmutableEntry<String, Object>("|0=aBuA", integer0);
40:       hashMap0.put(boolean0, abstractMap_SimpleImmutableEntry0);
41:       PredicatedMap<Boolean, AbstractMap.SimpleImmutableEntry<String, Object>> predicatedMap0 = PredicatedMap.predicatedMap((Map<Boolean, AbstractMap.SimpleImmutableEntry<String, Object>>) hashMap0, (Predicate<? super Boolean>) null, (Predicate<? super AbstractMap.SimpleImmutableEntry<String, Object>>) null);
42:       NullIsExceptionPredicate<Object> nullIsExceptionPredicate0 = new NullIsExceptionPredicate<Object>((Predicate<? super Object>) null);
43:       // Undeclared exception!
44:       try { 
45:         PredicatedMap.predicatedMap((Map<String, AbstractMap.SimpleImmutableEntry<Closure<Object>, Closure>>) predicatedMap0, (Predicate<? super String>) nullIsExceptionPredicate0, (Predicate<? super AbstractMap.SimpleImmutableEntry<Closure<Object>, Closure>>) null);
46:         fail("Expecting exception: NullPointerException");
47:       
48:       } catch(NullPointerException e) {
49:          //
50:          // no message in exception (getMessage() returned null)
51:          //
52:          verifyException("org.apache.commons.collections4.functors.NullIsExceptionPredicate", e);
53:       }
54:   }
55: }
RegularFileObject[C:\Users\Dell\AppData\Local\Temp\EvoSuite_0_1556338070624\org\apache\commons\collections4\map\PredicatedMap_0_tmp__ESTest.java]
1: /**
2:  * Scaffolding file used to store all the setups needed to run 
3:  * tests automatically generated by EvoSuite
4:  * Sat Apr 27 04:07:50 GMT 2019
5:  */
6: 
7: package org.apache.commons.collections4.map;
8: 
9: import org.evosuite.runtime.annotation.EvoSuiteClassExclude;
10: import org.junit.BeforeClass;
11: import org.junit.Before;
12: import org.junit.After;
13: import org.junit.AfterClass;
14: import org.evosuite.runtime.sandbox.Sandbox;
15: import org.evosuite.runtime.sandbox.Sandbox.SandboxMode;
16: 
17: import static org.evosuite.shaded.org.mockito.Mockito.*;
18: @EvoSuiteClassExclude
19: public class PredicatedMap_0_tmp__ESTest_scaffolding {
20: 
21:   @org.junit.Rule 
22:   public org.evosuite.runtime.vnet.NonFunctionalRequirementRule nfr = new org.evosuite.runtime.vnet.NonFunctionalRequirementRule();
23: 
24:   private static final java.util.Properties defaultProperties = (java.util.Properties) java.lang.System.getProperties().clone(); 
25: 
26:   private org.evosuite.runtime.thread.ThreadStopper threadStopper =  new org.evosuite.runtime.thread.ThreadStopper (org.evosuite.runtime.thread.KillSwitchHandler.getInstance(), 3000);
27: 
28: 
29:   @BeforeClass 
30:   public static void initEvoSuiteFramework() { 
31:     org.evosuite.runtime.RuntimeSettings.className = "org.apache.commons.collections4.map.PredicatedMap"; 
32:     org.evosuite.runtime.GuiSupport.initialize(); 
33:     org.evosuite.runtime.RuntimeSettings.maxNumberOfThreads = 100; 
34:     org.evosuite.runtime.RuntimeSettings.maxNumberOfIterationsPerLoop = 10000; 
35:     org.evosuite.runtime.RuntimeSettings.mockSystemIn = true; 
36:     org.evosuite.runtime.RuntimeSettings.sandboxMode = org.evosuite.runtime.sandbox.Sandbox.SandboxMode.RECOMMENDED; 
37:     org.evosuite.runtime.sandbox.Sandbox.initializeSecurityManagerForSUT(); 
38:     org.evosuite.runtime.classhandling.JDKClassResetter.init();
39:     setSystemProperties();
40:     initializeClasses();
41:     org.evosuite.runtime.Runtime.getInstance().resetRuntime(); 
42:     try { initMocksToAvoidTimeoutsInTheTests(); } catch(ClassNotFoundException e) {} 
43:   } 
44: 
45:   @AfterClass 
46:   public static void clearEvoSuiteFramework(){ 
47:     Sandbox.resetDefaultSecurityManager(); 
48:     java.lang.System.setProperties((java.util.Properties) defaultProperties.clone()); 
49:   } 
50: 
51:   @Before 
52:   public void initTestCase(){ 
53:     threadStopper.storeCurrentThreads();
54:     threadStopper.startRecordingTime();
55:     org.evosuite.runtime.jvm.ShutdownHookHandler.getInstance().initHandler(); 
56:     org.evosuite.runtime.sandbox.Sandbox.goingToExecuteSUTCode(); 
57:     setSystemProperties(); 
58:     org.evosuite.runtime.GuiSupport.setHeadless(); 
59:     org.evosuite.runtime.Runtime.getInstance().resetRuntime(); 
60:     org.evosuite.runtime.agent.InstrumentingAgent.activate(); 
61:   } 
62: 
63:   @After 
64:   public void doneWithTestCase(){ 
65:     threadStopper.killAndJoinClientThreads();
66:     org.evosuite.runtime.jvm.ShutdownHookHandler.getInstance().safeExecuteAddedHooks(); 
67:     org.evosuite.runtime.classhandling.JDKClassResetter.reset(); 
68:     resetClasses(); 
69:     org.evosuite.runtime.sandbox.Sandbox.doneWithExecutingSUTCode(); 
70:     org.evosuite.runtime.agent.InstrumentingAgent.deactivate(); 
71:     org.evosuite.runtime.GuiSupport.restoreHeadlessMode(); 
72:   } 
73: 
74:   public static void setSystemProperties() {
75:  
76:     java.lang.System.setProperties((java.util.Properties) defaultProperties.clone()); 
77:     java.lang.System.setProperty("file.encoding", "GBK"); 
78:     java.lang.System.setProperty("java.awt.headless", "true"); 
79:     java.lang.System.setProperty("java.io.tmpdir", "C:\\Users\\Dell\\AppData\\Local\\Temp\\"); 
80:     java.lang.System.setProperty("user.country", "CN"); 
81:     java.lang.System.setProperty("user.dir", "D:\\myProjects\\courseProgram\\commons-collections4-4.3-src"); 
82:     java.lang.System.setProperty("user.home", "C:\\Users\\Dell"); 
83:     java.lang.System.setProperty("user.language", "zh"); 
84:     java.lang.System.setProperty("user.name", "Dell"); 
85:     java.lang.System.setProperty("user.timezone", "Asia/Shanghai"); 
86:   }
87: 
88:   private static void initializeClasses() {
89:     org.evosuite.runtime.classhandling.ClassStateSupport.initializeClasses(PredicatedMap_0_tmp__ESTest_scaffolding.class.getClassLoader() ,
90:       "org.apache.commons.collections4.KeyValue",
91:       "org.apache.commons.collections4.functors.ExceptionPredicate",
92:       "org.apache.commons.collections4.functors.ComparatorPredicate$1",
93:       "org.apache.commons.collections4.functors.InstanceofPredicate",
94:       "org.apache.commons.collections4.Equator",
95:       "org.apache.commons.collections4.map.AbstractMapDecorator",
96:       "org.apache.commons.collections4.functors.EqualPredicate",
97:       "org.apache.commons.collections4.functors.NullPredicate",
98:       "org.apache.commons.collections4.map.AbstractInputCheckedMapDecorator$MapEntry",
99:       "org.apache.commons.collections4.Get",
100:       "org.apache.commons.collections4.functors.IdentityPredicate",
101:       "org.apache.commons.collections4.functors.ComparatorPredicate",
102:       "org.apache.commons.collections4.functors.OnePredicate",
103:       "org.apache.commons.collections4.functors.TransformerPredicate",
104:       "org.apache.commons.collections4.functors.FalsePredicate",
105:       "org.apache.commons.collections4.functors.OrPredicate",
106:       "org.apache.commons.collections4.functors.PredicateDecorator",
107:       "org.apache.commons.collections4.map.AbstractInputCheckedMapDecorator$EntrySet",
108:       "org.apache.commons.collections4.functors.AnyPredicate",
109:       "org.apache.commons.collections4.Transformer",
110:       "org.apache.commons.collections4.functors.PredicateTransformer",
111:       "org.apache.commons.collections4.collection.AbstractCollectionDecorator",
112:       "org.apache.commons.collections4.IterableMap",
113:       "org.apache.commons.collections4.functors.NullIsTruePredicate",
114:       "org.apache.commons.collections4.IterableGet",
115:       "org.apache.commons.collections4.MapIterator",
116:       "org.apache.commons.collections4.functors.UniquePredicate",
117:       "org.apache.commons.collections4.functors.ComparatorPredicate$Criterion",
118:       "org.apache.commons.collections4.Predicate",
119:       "org.apache.commons.collections4.Closure",
120:       "org.apache.commons.collections4.functors.NotNullPredicate",
121:       "org.apache.commons.collections4.functors.AbstractQuantifierPredicate",
122:       "org.apache.commons.collections4.functors.ExceptionClosure",
123:       "org.apache.commons.collections4.functors.DefaultEquator",
124:       "org.apache.commons.collections4.functors.FactoryTransformer",
125:       "org.apache.commons.collections4.FunctorException",
126:       "org.apache.commons.collections4.map.AbstractIterableMap",
127:       "org.apache.commons.collections4.Factory",
128:       "org.apache.commons.collections4.iterators.AbstractIteratorDecorator",
129:       "org.apache.commons.collections4.functors.NotPredicate",
130:       "org.apache.commons.collections4.functors.FunctorUtils",
131:       "org.apache.commons.collections4.functors.ConstantTransformer",
132:       "org.apache.commons.collections4.set.AbstractSetDecorator",
133:       "org.apache.commons.collections4.functors.AllPredicate",
134:       "org.apache.commons.collections4.Put",
135:       "org.apache.commons.collections4.keyvalue.AbstractMapEntryDecorator",
136:       "org.apache.commons.collections4.map.PredicatedMap",
137:       "org.apache.commons.collections4.map.AbstractInputCheckedMapDecorator$EntrySetIterator",
138:       "org.apache.commons.collections4.map.AbstractInputCheckedMapDecorator",
139:       "org.apache.commons.collections4.iterators.AbstractUntypedIteratorDecorator",
140:       "org.apache.commons.collections4.functors.NullIsExceptionPredicate"
141:     );
142:   } 
143:   private static void initMocksToAvoidTimeoutsInTheTests() throws ClassNotFoundException { 
144:     mock(Class.forName("java.util.Comparator", false, PredicatedMap_0_tmp__ESTest_scaffolding.class.getClassLoader()));
145:   }
146: 
147:   private static void resetClasses() {
148:     org.evosuite.runtime.classhandling.ClassResetter.getInstance().setClassLoader(PredicatedMap_0_tmp__ESTest_scaffolding.class.getClassLoader()); 
149: 
150:     org.evosuite.runtime.classhandling.ClassStateSupport.resetClasses(
151:       "org.apache.commons.collections4.map.AbstractIterableMap",
152:       "org.apache.commons.collections4.map.AbstractMapDecorator",
153:       "org.apache.commons.collections4.map.AbstractInputCheckedMapDecorator",
154:       "org.apache.commons.collections4.map.PredicatedMap",
155:       "org.apache.commons.collections4.functors.AbstractQuantifierPredicate",
156:       "org.apache.commons.collections4.functors.AnyPredicate",
157:       "org.apache.commons.collections4.functors.FunctorUtils",
158:       "org.apache.commons.collections4.functors.FalsePredicate",
159:       "org.apache.commons.collections4.collection.AbstractCollectionDecorator",
160:       "org.apache.commons.collections4.set.AbstractSetDecorator",
161:       "org.apache.commons.collections4.map.AbstractInputCheckedMapDecorator$EntrySet",
162:       "org.apache.commons.collections4.iterators.AbstractUntypedIteratorDecorator",
163:       "org.apache.commons.collections4.iterators.AbstractIteratorDecorator",
164:       "org.apache.commons.collections4.map.AbstractInputCheckedMapDecorator$EntrySetIterator",
165:       "org.apache.commons.collections4.functors.AndPredicate",
166:       "org.apache.commons.collections4.functors.NonePredicate",
167:       "org.apache.commons.collections4.functors.TruePredicate",
168:       "org.apache.commons.collections4.keyvalue.AbstractMapEntryDecorator",
169:       "org.apache.commons.collections4.map.AbstractInputCheckedMapDecorator$MapEntry",
170:       "org.apache.commons.collections4.functors.OnePredicate",
171:       "org.apache.commons.collections4.functors.EqualPredicate",
172:       "org.apache.commons.collections4.functors.PredicateTransformer",
173:       "org.apache.commons.collections4.functors.InvokerTransformer",
174:       "org.apache.commons.collections4.functors.IdentityPredicate",
175:       "org.apache.commons.collections4.functors.NullPredicate",
176:       "org.apache.commons.collections4.functors.InstanceofPredicate",
177:       "org.apache.commons.collections4.functors.FactoryTransformer",
178:       "org.apache.commons.collections4.functors.TransformerPredicate",
179:       "org.apache.commons.collections4.functors.ExceptionPredicate",
180:       "org.apache.commons.collections4.FunctorException",
181:       "org.apache.commons.collections4.functors.AllPredicate",
182:       "org.apache.commons.collections4.functors.NotNullPredicate",
183:       "org.apache.commons.collections4.functors.NullIsExceptionPredicate",
184:       "org.apache.commons.collections4.functors.NullIsTruePredicate",
185:       "org.apache.commons.collections4.functors.NotPredicate",
186:       "org.apache.commons.collections4.functors.OrPredicate",
187:       "org.apache.commons.collections4.functors.NOPTransformer",
188:       "org.apache.commons.collections4.functors.TransformedPredicate",
189:       "org.apache.commons.collections4.functors.DefaultEquator",
190:       "org.apache.commons.collections4.functors.ComparatorPredicate",
191:       "org.apache.commons.collections4.functors.UniquePredicate",
192:       "org.apache.commons.collections4.functors.ConstantTransformer",
193:       "org.apache.commons.collections4.functors.ConstantFactory",
194:       "org.apache.commons.collections4.functors.NullIsFalsePredicate",
195:       "org.apache.commons.collections4.functors.ComparatorPredicate$1",
196:       "org.apache.commons.collections4.functors.IfTransformer",
197:       "org.apache.commons.collections4.functors.InstantiateFactory",
198:       "org.apache.commons.collections4.map.EntrySetToMapIteratorAdapter",
199:       "org.apache.commons.collections4.functors.ExceptionTransformer",
200:       "org.apache.commons.collections4.functors.ChainedTransformer",
201:       "org.apache.commons.collections4.functors.ExceptionFactory",
202:       "org.apache.commons.collections4.functors.SwitchTransformer",
203:       "org.apache.commons.collections4.functors.ChainedClosure",
204:       "org.apache.commons.collections4.functors.NOPClosure",
205:       "org.apache.commons.collections4.functors.ClosureTransformer",
206:       "org.apache.commons.collections4.functors.ExceptionClosure",
207:       "org.apache.commons.collections4.functors.WhileClosure",
208:       "org.apache.commons.collections4.functors.IfClosure",
209:       "org.apache.commons.collections4.functors.TransformerClosure",
210:       "org.apache.commons.collections4.functors.MapTransformer",
211:       "org.apache.commons.collections4.functors.SwitchClosure",
212:       "org.apache.commons.collections4.functors.ForClosure",
213:       "org.apache.commons.collections4.functors.ComparatorPredicate$Criterion"
214:     );
215:   }
216: }

[MASTER] 12:07:53.243 [pool-2-thread-1] ERROR JUnitAnalyzer - Failed to compile test case:
HashMap<Boolean, AbstractMap.SimpleImmutableEntry<String, Object>> hashMap0 = new HashMap<Boolean, AbstractMap.SimpleImmutableEntry<String, Object>>();
Comparator<Object> comparator0 = (Comparator<Object>) mock(Comparator.class, new ViolatedAssumptionAnswer());
doReturn((-3281)).when(comparator0).compare(any() , any());
Predicate<Object> predicate0 = ComparatorPredicate.comparatorPredicate((Object) "org.apache.commons.collections4.map.PredicatedMap", comparator0);
PredicateTransformer<Integer> predicateTransformer0 = new PredicateTransformer<Integer>(predicate0);
Integer integer0 = new Integer(2169);
Boolean boolean0 = predicateTransformer0.transform(integer0);
AbstractMap.SimpleImmutableEntry<String, Object> abstractMap_SimpleImmutableEntry0 = new AbstractMap.SimpleImmutableEntry<String, Object>("|0=aBuA", integer0);
hashMap0.put(boolean0, abstractMap_SimpleImmutableEntry0);
PredicatedMap<Boolean, AbstractMap.SimpleImmutableEntry<String, Object>> predicatedMap0 = PredicatedMap.predicatedMap((Map<Boolean, AbstractMap.SimpleImmutableEntry<String, Object>>) hashMap0, (Predicate<? super Boolean>) null, (Predicate<? super AbstractMap.SimpleImmutableEntry<String, Object>>) null);
NullIsExceptionPredicate<Object> nullIsExceptionPredicate0 = new NullIsExceptionPredicate<Object>((Predicate<? super Object>) null);
PredicatedMap.predicatedMap((Map<String, AbstractMap.SimpleImmutableEntry<Closure<Object>, Closure>>) predicatedMap0, (Predicate<? super String>) nullIsExceptionPredicate0, (Predicate<? super AbstractMap.SimpleImmutableEntry<Closure<Object>, Closure>>) null);

